103.09.10 15:44 B D:\kns-hp\calendar\2003\09\09-10\2003-09-10-001.html --> kcna.co.jp /calendar/2003/09/09-10 2003-09-10-001.html
103.09.10 15:44 B D:\kns-hp\calendar\2003\09\09-10\2003-09-10-002.html --> kcna.co.jp /calendar/2003/09/09-10 2003-09-10-002.html
103.09.10 15:44 B D:\kns-hp\calendar\2003\09\09-10\2003-09-10-003.html --> kcna.co.jp /calendar/2003/09/09-10 2003-09-10-003.html
103.09.10 15:44 B D:\kns-hp\calendar\2003\09\09-10\2003-09-10-004.html --> kcna.co.jp /calendar/2003/09/09-10 2003-09-10-004.html
103.09.10 15:44 B D:\kns-hp\calendar\2003\09\09-10\2003-09-10-005.html --> kcna.co.jp /calendar/2003/09/09-10 2003-09-10-005.html
103.09.10 15:44 B D:\kns-hp\calendar\2003\09\09-10\2003-09-10-006.html --> kcna.co.jp /calendar/2003/09/09-10 2003-09-10-006.html
103.09.10 15:44 B D:\kns-hp\calendar\2003\09\09-10\2003-09-10-007.html --> kcna.co.jp /calendar/2003/09/09-10 2003-09-10-007.html
103.09.10 15:44 B D:\kns-hp\calendar\2003\09\09-10\2003-09-10-008.html --> kcna.co.jp /calendar/2003/09/09-10 2003-09-10-008.html
103.09.10 15:44 B D:\kns-hp\calendar\2003\09\09-10\2003-09-10-009.html --> kcna.co.jp /calendar/2003/09/09-10 2003-09-10-009.html
103.09.10 15:44 B D:\kns-hp\calendar\2003\09\09-10\2003-09-10-010.html --> kcna.co.jp /calendar/2003/09/09-10 2003-09-10-010.html
103.09.10 15:44 B D:\kns-hp\calendar\2003\09\09-10\2003-09-10-011.html --> kcna.co.jp /calendar/2003/09/09-10 2003-09-10-011.html
103.09.10 15:44 B D:\kns-hp\calendar\2003\09\09-10\2003-09-10-012.html --> kcna.co.jp /calendar/2003/09/09-10 2003-09-10-012.html
103.09.10 15:44 B D:\kns-hp\calendar\2003\09\09-10\2003-09-10-013.html --> kcna.co.jp /calendar/2003/09/09-10 2003-09-10-013.html
103.09.10 15:44 B D:\kns-hp\calendar\2003\09\09-10\2003-09-10-014.html --> kcna.co.jp /calendar/2003/09/09-10 2003-09-10-014.html
103.09.10 15:44 B D:\kns-hp\calendar\2003\09\09-10\2003-09-10-015.html --> kcna.co.jp /calendar/2003/09/09-10 2003-09-10-015.html
103.09.10 15:44 B D:\kns-hp\calendar\2003\09\09-10\2003-09-10-016.html --> kcna.co.jp /calendar/2003/09/09-10 2003-09-10-016.html
103.09.10 15:44 B D:\kns-hp\calendar\2003\09\09-10\2003-09-10-017.html --> kcna.co.jp /calendar/2003/09/09-10 2003-09-10-017.html
103.09.10 15:44 B D:\kns-hp\calendar\2003\09\09-10\2003-09-10-018.html --> kcna.co.jp /calendar/2003/09/09-10 2003-09-10-018.html
103.09.10 15:44 B D:\kns-hp\calendar\2003\09\09-10\2003-09-10-019.html --> kcna.co.jp /calendar/2003/09/09-10 2003-09-10-019.html
103.09.10 15:44 B D:\kns-hp\calendar\2003\09\09-10\2003-09-10-020.html --> kcna.co.jp /calendar/2003/09/09-10 2003-09-10-020.html
103.09.10 15:44 B D:\kns-hp\calendar\2003\09\09-10\2003-09-10-021.html --> kcna.co.jp /calendar/2003/09/09-10 2003-09-10-021.html
103.09.10 15:44 B D:\kns-hp\calendar\2003\09\09-10\2003-09-10-022.html --> kcna.co.jp /calendar/2003/09/09-10 2003-09-10-022.html
103.09.10 15:44 B D:\kns-hp\calendar\2003\09\09-10\2003-09-10-023.html --> kcna.co.jp /calendar/2003/09/09-10 2003-09-10-023.html
103.09.10 15:44 B D:\kns-hp\calendar\2003\09\09-10\2003-09-10-024.html --> kcna.co.jp /calendar/2003/09/09-10 2003-09-10-024.html
103.09.10 15:44 B D:\kns-hp\calendar\2003\09\09-10\2003-09-10-025.html --> kcna.co.jp /calendar/2003/09/09-10 2003-09-10-025.html
103.09.10 15:44 B D:\kns-hp\calendar\2003\09\09-10\2003-09-10-026.html --> kcna.co.jp /calendar/2003/09/09-10 2003-09-10-026.html
103.09.10 15:44 B D:\kns-hp\calendar\2003\09\09-10\2003-09-10-027.html --> kcna.co.jp /calendar/2003/09/09-10 2003-09-10-027.html
103.09.10 15:44 B D:\kns-hp\calendar\2003\09\09-10\2003-09-10-028.html --> kcna.co.jp /calendar/2003/09/09-10 2003-09-10-028.html
103.09.10 15:44 B D:\kns-hp\calendar\2003\09\09-10\2003-09-10-029.html --> kcna.co.jp /calendar/2003/09/09-10 2003-09-10-029.html
103.09.10 15:44 B D:\kns-hp\calendar\2003\09\09-10\2003-09-10.htm --> kcna.co.jp /calendar/2003/09/09-10 2003-09-10.htm
103.09.12 16:02 B D:\kns-hp\calendar\2003\09\09-12\2003-09-12-001.html --> kcna.co.jp /calendar/2003/09/09-12 2003-09-12-001.html
103.09.12 16:02 B D:\kns-hp\calendar\2003\09\09-12\2003-09-12-002.html --> kcna.co.jp /calendar/2003/09/09-12 2003-09-12-002.html
103.09.12 16:02 B D:\kns-hp\calendar\2003\09\09-12\2003-09-12-003.html --> kcna.co.jp /calendar/2003/09/09-12 2003-09-12-003.html
103.09.12 16:02 B D:\kns-hp\calendar\2003\09\09-12\2003-09-12-004.html --> kcna.co.jp /calendar/2003/09/09-12 2003-09-12-004.html
103.09.12 16:02 B D:\kns-hp\calendar\2003\09\09-12\2003-09-12-005.html --> kcna.co.jp /calendar/2003/09/09-12 2003-09-12-005.html
103.09.12 16:02 B D:\kns-hp\calendar\2003\09\09-12\2003-09-12-006.html --> kcna.co.jp /calendar/2003/09/09-12 2003-09-12-006.html
103.09.12 16:02 B D:\kns-hp\calendar\2003\09\09-12\2003-09-12-007.html --> kcna.co.jp /calendar/2003/09/09-12 2003-09-12-007.html
103.09.12 16:02 B D:\kns-hp\calendar\2003\09\09-12\2003-09-12-008.html --> kcna.co.jp /calendar/2003/09/09-12 2003-09-12-008.html
103.09.12 16:02 B D:\kns-hp\calendar\2003\09\09-12\2003-09-12-009.html --> kcna.co.jp /calendar/2003/09/09-12 2003-09-12-009.html
103.09.12 16:02 B D:\kns-hp\calendar\2003\09\09-12\2003-09-12-010.html --> kcna.co.jp /calendar/2003/09/09-12 2003-09-12-010.html
103.09.12 16:02 B D:\kns-hp\calendar\2003\09\09-12\2003-09-12-011.html --> kcna.co.jp /calendar/2003/09/09-12 2003-09-12-011.html
103.09.12 16:02 B D:\kns-hp\calendar\2003\09\09-12\2003-09-12-012.html --> kcna.co.jp /calendar/2003/09/09-12 2003-09-12-012.html
103.09.12 16:02 B D:\kns-hp\calendar\2003\09\09-12\2003-09-12-013.html --> kcna.co.jp /calendar/2003/09/09-12 2003-09-12-013.html
103.09.12 16:02 B D:\kns-hp\calendar\2003\09\09-12\2003-09-12-014.html --> kcna.co.jp /calendar/2003/09/09-12 2003-09-12-014.html
103.09.12 16:02 B D:\kns-hp\calendar\2003\09\09-12\2003-09-12-015.html --> kcna.co.jp /calendar/2003/09/09-12 2003-09-12-015.html
103.09.12 16:02 B D:\kns-hp\calendar\2003\09\09-12\2003-09-12-016.html --> kcna.co.jp /calendar/2003/09/09-12 2003-09-12-016.html
103.09.12 16:02 B D:\kns-hp\calendar\2003\09\09-12\2003-09-12-017.html --> kcna.co.jp /calendar/2003/09/09-12 2003-09-12-017.html
103.09.12 16:02 B D:\kns-hp\calendar\2003\09\09-12\2003-09-12-018.html --> kcna.co.jp /calendar/2003/09/09-12 2003-09-12-018.html
103.09.12 16:02 B D:\kns-hp\calendar\2003\09\09-12\2003-09-12-019.html --> kcna.co.jp /calendar/2003/09/09-12 2003-09-12-019.html
103.09.12 16:02 B D:\kns-hp\calendar\2003\09\09-12\2003-09-12-020.html --> kcna.co.jp /calendar/2003/09/09-12 2003-09-12-020.html
103.09.12 16:02 B D:\kns-hp\calendar\2003\09\09-12\2003-09-12-021.html --> kcna.co.jp /calendar/2003/09/09-12 2003-09-12-021.html
103.09.12 16:02 B D:\kns-hp\calendar\2003\09\09-12\2003-09-12-022.html --> kcna.co.jp /calendar/2003/09/09-12 2003-09-12-022.html
103.09.12 16:02 B D:\kns-hp\calendar\2003\09\09-12\2003-09-12-023.html --> kcna.co.jp /calendar/2003/09/09-12 2003-09-12-023.html
103.09.12 16:02 B D:\kns-hp\calendar\2003\09\09-12\2003-09-12-024.html --> kcna.co.jp /calendar/2003/09/09-12 2003-09-12-024.html
103.09.12 16:02 B D:\kns-hp\calendar\2003\09\09-12\2003-09-12-025.html --> kcna.co.jp /calendar/2003/09/09-12 2003-09-12-025.html
103.09.12 16:02 B D:\kns-hp\calendar\2003\09\09-12\2003-09-12-026.html --> kcna.co.jp /calendar/2003/09/09-12 2003-09-12-026.html
103.09.12 16:02 B D:\kns-hp\calendar\2003\09\09-12\2003-09-12-027.html --> kcna.co.jp /calendar/2003/09/09-12 2003-09-12-027.html
103.09.12 16:02 B D:\kns-hp\calendar\2003\09\09-12\2003-09-12-028.html --> kcna.co.jp /calendar/2003/09/09-12 2003-09-12-028.html
103.09.12 16:02 B D:\kns-hp\calendar\2003\09\09-12\2003-09-12-029.html --> kcna.co.jp /calendar/2003/09/09-12 2003-09-12-029.html
103.09.12 16:03 B D:\kns-hp\calendar\2003\09\09-12\2003-09-12-001.html --> kcna.co.jp /calendar/2003/09/09-12 2003-09-12-001.html
103.09.12 16:03 B D:\kns-hp\calendar\2003\09\09-12\2003-09-12-002.html --> kcna.co.jp /calendar/2003/09/09-12 2003-09-12-002.html
103.09.12 16:03 B D:\kns-hp\calendar\2003\09\09-12\2003-09-12-003.html --> kcna.co.jp /calendar/2003/09/09-12 2003-09-12-003.html
103.09.12 16:03 B D:\kns-hp\calendar\2003\09\09-12\2003-09-12-004.html --> kcna.co.jp /calendar/2003/09/09-12 2003-09-12-004.html
103.09.12 16:03 B D:\kns-hp\calendar\2003\09\09-12\2003-09-12-005.html --> kcna.co.jp /calendar/2003/09/09-12 2003-09-12-005.html
103.09.12 16:03 B D:\kns-hp\calendar\2003\09\09-12\2003-09-12-006.html --> kcna.co.jp /calendar/2003/09/09-12 2003-09-12-006.html
103.09.12 16:03 B D:\kns-hp\calendar\2003\09\09-12\2003-09-12-007.html --> kcna.co.jp /calendar/2003/09/09-12 2003-09-12-007.html
103.09.12 16:03 B D:\kns-hp\calendar\2003\09\09-12\2003-09-12-008.html --> kcna.co.jp /calendar/2003/09/09-12 2003-09-12-008.html
103.09.12 16:03 B D:\kns-hp\calendar\2003\09\09-12\2003-09-12-009.html --> kcna.co.jp /calendar/2003/09/09-12 2003-09-12-009.html
103.09.12 16:03 B D:\kns-hp\calendar\2003\09\09-12\2003-09-12-010.html --> kcna.co.jp /calendar/2003/09/09-12 2003-09-12-010.html
103.09.12 16:03 B D:\kns-hp\calendar\2003\09\09-12\2003-09-12-011.html --> kcna.co.jp /calendar/2003/09/09-12 2003-09-12-011.html
103.09.12 16:03 B D:\kns-hp\calendar\2003\09\09-12\2003-09-12-012.html --> kcna.co.jp /calendar/2003/09/09-12 2003-09-12-012.html
103.09.12 16:03 B D:\kns-hp\calendar\2003\09\09-12\2003-09-12-013.html --> kcna.co.jp /calendar/2003/09/09-12 2003-09-12-013.html
103.09.12 16:03 B D:\kns-hp\calendar\2003\09\09-12\2003-09-12-014.html --> kcna.co.jp /calendar/2003/09/09-12 2003-09-12-014.html
103.09.12 16:03 B D:\kns-hp\calendar\2003\09\09-12\2003-09-12-015.html --> kcna.co.jp /calendar/2003/09/09-12 2003-09-12-015.html
103.09.12 16:03 B D:\kns-hp\calendar\2003\09\09-12\2003-09-12-016.html --> kcna.co.jp /calendar/2003/09/09-12 2003-09-12-016.html
103.09.12 16:03 B D:\kns-hp\calendar\2003\09\09-12\2003-09-12-017.html --> kcna.co.jp /calendar/2003/09/09-12 2003-09-12-017.html
103.09.12 16:03 B D:\kns-hp\calendar\2003\09\09-12\2003-09-12-018.html --> kcna.co.jp /calendar/2003/09/09-12 2003-09-12-018.html
103.09.12 16:03 B D:\kns-hp\calendar\2003\09\09-12\2003-09-12-019.html --> kcna.co.jp /calendar/2003/09/09-12 2003-09-12-019.html
103.09.12 16:03 B D:\kns-hp\calendar\2003\09\09-12\2003-09-12-020.html --> kcna.co.jp /calendar/2003/09/09-12 2003-09-12-020.html
103.09.12 16:03 B D:\kns-hp\calendar\2003\09\09-12\2003-09-12-021.html --> kcna.co.jp /calendar/2003/09/09-12 2003-09-12-021.html
103.09.12 16:03 B D:\kns-hp\calendar\2003\09\09-12\2003-09-12-022.html --> kcna.co.jp /calendar/2003/09/09-12 2003-09-12-022.html
103.09.12 16:03 B D:\kns-hp\calendar\2003\09\09-12\2003-09-12-023.html --> kcna.co.jp /calendar/2003/09/09-12 2003-09-12-023.html
103.09.12 16:03 B D:\kns-hp\calendar\2003\09\09-12\2003-09-12-024.html --> kcna.co.jp /calendar/2003/09/09-12 2003-09-12-024.html
103.09.12 16:03 B D:\kns-hp\calendar\2003\09\09-12\2003-09-12-025.html --> kcna.co.jp /calendar/2003/09/09-12 2003-09-12-025.html
103.09.12 16:03 B D:\kns-hp\calendar\2003\09\09-12\2003-09-12-026.html --> kcna.co.jp /calendar/2003/09/09-12 2003-09-12-026.html
103.09.12 16:03 B D:\kns-hp\calendar\2003\09\09-12\2003-09-12-027.html --> kcna.co.jp /calendar/2003/09/09-12 2003-09-12-027.html
103.09.12 16:03 B D:\kns-hp\calendar\2003\09\09-12\2003-09-12-028.html --> kcna.co.jp /calendar/2003/09/09-12 2003-09-12-028.html
103.09.12 16:03 B D:\kns-hp\calendar\2003\09\09-12\2003-09-12-029.html --> kcna.co.jp /calendar/2003/09/09-12 2003-09-12-029.html
103.09.12 16:03 B D:\kns-hp\calendar\2003\09\09-12\2003-09-12.htm --> kcna.co.jp /calendar/2003/09/09-12 2003-09-12.htm
103.09.12 16:03 B D:\kns-hp\calendar\2003\09\09-12\WS_FTP.LOG --> kcna.co.jp /calendar/2003/09/09-12 WS_FTP.LOG
103.09.24 13:52 B C:\kns-hpkr\calendar\2003\09\09-24\2003-09-24-001.html --> kcna.co.jp /calendar/2003/09/09-24 2003-09-24-001.html
103.09.24 13:52 B C:\kns-hpkr\calendar\2003\09\09-24\2003-09-24-002.html --> kcna.co.jp /calendar/2003/09/09-24 2003-09-24-002.html
103.09.24 13:52 B C:\kns-hpkr\calendar\2003\09\09-24\2003-09-24-003.html --> kcna.co.jp /calendar/2003/09/09-24 2003-09-24-003.html
103.09.24 13:52 B C:\kns-hpkr\calendar\2003\09\09-24\2003-09-24-004.html --> kcna.co.jp /calendar/2003/09/09-24 2003-09-24-004.html
103.09.24 13:52 B C:\kns-hpkr\calendar\2003\09\09-24\2003-09-24-005.html --> kcna.co.jp /calendar/2003/09/09-24 2003-09-24-005.html
103.09.24 13:52 B C:\kns-hpkr\calendar\2003\09\09-24\2003-09-24-006.html --> kcna.co.jp /calendar/2003/09/09-24 2003-09-24-006.html
103.09.24 13:52 B C:\kns-hpkr\calendar\2003\09\09-24\2003-09-24-007.html --> kcna.co.jp /calendar/2003/09/09-24 2003-09-24-007.html
103.09.24 13:52 B C:\kns-hpkr\calendar\2003\09\09-24\2003-09-24-008.html --> kcna.co.jp /calendar/2003/09/09-24 2003-09-24-008.html
103.09.24 13:52 B C:\kns-hpkr\calendar\2003\09\09-24\2003-09-24-009.html --> kcna.co.jp /calendar/2003/09/09-24 2003-09-24-009.html
103.09.24 13:52 B C:\kns-hpkr\calendar\2003\09\09-24\2003-09-24-010.html --> kcna.co.jp /calendar/2003/09/09-24 2003-09-24-010.html
103.09.24 13:52 B C:\kns-hpkr\calendar\2003\09\09-24\2003-09-24-011.html --> kcna.co.jp /calendar/2003/09/09-24 2003-09-24-011.html
103.09.24 13:52 B C:\kns-hpkr\calendar\2003\09\09-24\2003-09-24-012.html --> kcna.co.jp /calendar/2003/09/09-24 2003-09-24-012.html
103.09.24 13:52 B C:\kns-hpkr\calendar\2003\09\09-24\2003-09-24-013.html --> kcna.co.jp /calendar/2003/09/09-24 2003-09-24-013.html
103.09.24 13:52 B C:\kns-hpkr\calendar\2003\09\09-24\2003-09-24-014.html --> kcna.co.jp /calendar/2003/09/09-24 2003-09-24-014.html
103.09.24 13:52 B C:\kns-hpkr\calendar\2003\09\09-24\2003-09-24-015.html --> kcna.co.jp /calendar/2003/09/09-24 2003-09-24-015.html
103.09.24 13:52 B C:\kns-hpkr\calendar\2003\09\09-24\2003-09-24-016.html --> kcna.co.jp /calendar/2003/09/09-24 2003-09-24-016.html
103.09.24 13:52 B C:\kns-hpkr\calendar\2003\09\09-24\2003-09-24-017.html --> kcna.co.jp /calendar/2003/09/09-24 2003-09-24-017.html
103.09.24 13:52 B C:\kns-hpkr\calendar\2003\09\09-24\2003-09-24-018.html --> kcna.co.jp /calendar/2003/09/09-24 2003-09-24-018.html
103.09.24 13:52 B C:\kns-hpkr\calendar\2003\09\09-24\2003-09-24-019.html --> kcna.co.jp /calendar/2003/09/09-24 2003-09-24-019.html
103.09.24 13:52 B C:\kns-hpkr\calendar\2003\09\09-24\2003-09-24-020.html --> kcna.co.jp /calendar/2003/09/09-24 2003-09-24-020.html
103.09.24 13:52 B C:\kns-hpkr\calendar\2003\09\09-24\2003-09-24-021.html --> kcna.co.jp /calendar/2003/09/09-24 2003-09-24-021.html
103.09.24 13:52 B C:\kns-hpkr\calendar\2003\09\09-24\2003-09-24-022.html --> kcna.co.jp /calendar/2003/09/09-24 2003-09-24-022.html
103.09.24 13:52 B C:\kns-hpkr\calendar\2003\09\09-24\2003-09-24-023.html --> kcna.co.jp /calendar/2003/09/09-24 2003-09-24-023.html
103.09.24 13:52 B C:\kns-hpkr\calendar\2003\09\09-24\2003-09-24-024.html --> kcna.co.jp /calendar/2003/09/09-24 2003-09-24-024.html
103.09.24 13:52 B C:\kns-hpkr\calendar\2003\09\09-24\2003-09-24-025.html --> kcna.co.jp /calendar/2003/09/09-24 2003-09-24-025.html
103.09.24 13:52 B C:\kns-hpkr\calendar\2003\09\09-24\2003-09-24-026.html --> kcna.co.jp /calendar/2003/09/09-24 2003-09-24-026.html
103.09.24 13:52 B C:\kns-hpkr\calendar\2003\09\09-24\2003-09-24-027.html --> kcna.co.jp /calendar/2003/09/09-24 2003-09-24-027.html
103.09.24 13:52 B C:\kns-hpkr\calendar\2003\09\09-24\2003-09-24-028.html --> kcna.co.jp /calendar/2003/09/09-24 2003-09-24-028.html
103.09.24 13:52 B C:\kns-hpkr\calendar\2003\09\09-24\2003-09-24-029.html --> kcna.co.jp /calendar/2003/09/09-24 2003-09-24-029.html
103.09.24 13:52 B C:\kns-hpkr\calendar\2003\09\09-24\2003-09-24-030.html --> kcna.co.jp /calendar/2003/09/09-24 2003-09-24-030.html
103.09.24 13:52 B C:\kns-hpkr\calendar\2003\09\09-24\2003-09-24.htm --> kcna.co.jp /calendar/2003/09/09-24 2003-09-24.htm
