103.09.05 14:32 B D:\kns-hp\calendar\2003\09\09-05\2003-09-05-001.html --> kcna.co.jp /calendar/2003/09/09-05 2003-09-05-001.html
103.09.05 14:32 B D:\kns-hp\calendar\2003\09\09-05\2003-09-05-002.html --> kcna.co.jp /calendar/2003/09/09-05 2003-09-05-002.html
103.09.05 14:32 B D:\kns-hp\calendar\2003\09\09-05\2003-09-05-003.html --> kcna.co.jp /calendar/2003/09/09-05 2003-09-05-003.html
103.09.05 14:32 B D:\kns-hp\calendar\2003\09\09-05\2003-09-05-004.html --> kcna.co.jp /calendar/2003/09/09-05 2003-09-05-004.html
103.09.05 14:32 B D:\kns-hp\calendar\2003\09\09-05\2003-09-05-005.html --> kcna.co.jp /calendar/2003/09/09-05 2003-09-05-005.html
103.09.05 14:32 B D:\kns-hp\calendar\2003\09\09-05\2003-09-05-006.html --> kcna.co.jp /calendar/2003/09/09-05 2003-09-05-006.html
103.09.05 14:32 B D:\kns-hp\calendar\2003\09\09-05\2003-09-05-007.html --> kcna.co.jp /calendar/2003/09/09-05 2003-09-05-007.html
103.09.05 14:32 B D:\kns-hp\calendar\2003\09\09-05\2003-09-05-008.html --> kcna.co.jp /calendar/2003/09/09-05 2003-09-05-008.html
103.09.05 14:32 B D:\kns-hp\calendar\2003\09\09-05\2003-09-05-009.html --> kcna.co.jp /calendar/2003/09/09-05 2003-09-05-009.html
103.09.05 14:32 B D:\kns-hp\calendar\2003\09\09-05\2003-09-05-010.html --> kcna.co.jp /calendar/2003/09/09-05 2003-09-05-010.html
103.09.05 14:32 B D:\kns-hp\calendar\2003\09\09-05\2003-09-05-011.html --> kcna.co.jp /calendar/2003/09/09-05 2003-09-05-011.html
103.09.05 14:32 B D:\kns-hp\calendar\2003\09\09-05\2003-09-05-012.html --> kcna.co.jp /calendar/2003/09/09-05 2003-09-05-012.html
103.09.05 14:32 B D:\kns-hp\calendar\2003\09\09-05\2003-09-05-013.html --> kcna.co.jp /calendar/2003/09/09-05 2003-09-05-013.html
103.09.05 14:32 B D:\kns-hp\calendar\2003\09\09-05\2003-09-05-014.html --> kcna.co.jp /calendar/2003/09/09-05 2003-09-05-014.html
103.09.05 14:32 B D:\kns-hp\calendar\2003\09\09-05\2003-09-05-015.html --> kcna.co.jp /calendar/2003/09/09-05 2003-09-05-015.html
103.09.05 14:32 B D:\kns-hp\calendar\2003\09\09-05\2003-09-05-016.html --> kcna.co.jp /calendar/2003/09/09-05 2003-09-05-016.html
103.09.05 14:32 B D:\kns-hp\calendar\2003\09\09-05\2003-09-05-017.html --> kcna.co.jp /calendar/2003/09/09-05 2003-09-05-017.html
103.09.05 14:32 B D:\kns-hp\calendar\2003\09\09-05\2003-09-05-018.html --> kcna.co.jp /calendar/2003/09/09-05 2003-09-05-018.html
103.09.05 14:32 B D:\kns-hp\calendar\2003\09\09-05\2003-09-05.htm --> kcna.co.jp /calendar/2003/09/09-05 2003-09-05.htm
103.11.05 11:54 B C:\kns-hpkr\calendar\2003\11\11-05\2003-11-05-001.html --> kcna.co.jp /calendar/2003/11/11-05 2003-11-05-001.html
103.11.05 11:54 B C:\kns-hpkr\calendar\2003\11\11-05\2003-11-05-002.html --> kcna.co.jp /calendar/2003/11/11-05 2003-11-05-002.html
103.11.05 11:54 B C:\kns-hpkr\calendar\2003\11\11-05\2003-11-05-003.html --> kcna.co.jp /calendar/2003/11/11-05 2003-11-05-003.html
103.11.05 11:54 B C:\kns-hpkr\calendar\2003\11\11-05\2003-11-05-004.html --> kcna.co.jp /calendar/2003/11/11-05 2003-11-05-004.html
103.11.05 11:54 B C:\kns-hpkr\calendar\2003\11\11-05\2003-11-05-005.html --> kcna.co.jp /calendar/2003/11/11-05 2003-11-05-005.html
103.11.05 11:54 B C:\kns-hpkr\calendar\2003\11\11-05\2003-11-05-006.html --> kcna.co.jp /calendar/2003/11/11-05 2003-11-05-006.html
103.11.05 11:54 B C:\kns-hpkr\calendar\2003\11\11-05\2003-11-05-007.html --> kcna.co.jp /calendar/2003/11/11-05 2003-11-05-007.html
103.11.05 11:54 B C:\kns-hpkr\calendar\2003\11\11-05\2003-11-05-008.html --> kcna.co.jp /calendar/2003/11/11-05 2003-11-05-008.html
103.11.05 11:54 B C:\kns-hpkr\calendar\2003\11\11-05\2003-11-05-009.html --> kcna.co.jp /calendar/2003/11/11-05 2003-11-05-009.html
103.11.05 11:54 B C:\kns-hpkr\calendar\2003\11\11-05\2003-11-05-010.html --> kcna.co.jp /calendar/2003/11/11-05 2003-11-05-010.html
103.11.05 11:54 B C:\kns-hpkr\calendar\2003\11\11-05\2003-11-05-011.html --> kcna.co.jp /calendar/2003/11/11-05 2003-11-05-011.html
103.11.05 11:54 B C:\kns-hpkr\calendar\2003\11\11-05\2003-11-05-012.html --> kcna.co.jp /calendar/2003/11/11-05 2003-11-05-012.html
103.11.05 11:54 B C:\kns-hpkr\calendar\2003\11\11-05\2003-11-05.htm --> kcna.co.jp /calendar/2003/11/11-05 2003-11-05.htm
103.11.05 11:54 B C:\kns-hpkr\calendar\2003\11\11-05\WS_FTP.LOG --> kcna.co.jp /calendar/2003/11/11-05 WS_FTP.LOG
103.11.05 14:24 B C:\kns-hpkr\calendar\2003\11\11-05\2003-11-05-003.html --> kcna.co.jp /calendar/2003/11/11-05 2003-11-05-003.html
103.11.06 13:10 B C:\kns-hpkr\calendar\2003\11\11-05\2003-11-05-001.html --> kcna.co.jp /calendar/2003/11/11-05 2003-11-05-001.html
103.11.11 12:07 B C:\kns-hpkr\calendar\2003\11\11-11\2003-11-11-001.html --> kcna.co.jp /calendar/2003/11/11-11 2003-11-11-001.html
103.11.11 12:07 B C:\kns-hpkr\calendar\2003\11\11-11\2003-11-11-002.html --> kcna.co.jp /calendar/2003/11/11-11 2003-11-11-002.html
103.11.11 12:07 B C:\kns-hpkr\calendar\2003\11\11-11\2003-11-11-003.html --> kcna.co.jp /calendar/2003/11/11-11 2003-11-11-003.html
103.11.11 12:07 B C:\kns-hpkr\calendar\2003\11\11-11\2003-11-11-004.html --> kcna.co.jp /calendar/2003/11/11-11 2003-11-11-004.html
103.11.11 12:07 B C:\kns-hpkr\calendar\2003\11\11-11\2003-11-11-005.html --> kcna.co.jp /calendar/2003/11/11-11 2003-11-11-005.html
103.11.11 12:07 B C:\kns-hpkr\calendar\2003\11\11-11\2003-11-11-006.html --> kcna.co.jp /calendar/2003/11/11-11 2003-11-11-006.html
103.11.11 12:07 B C:\kns-hpkr\calendar\2003\11\11-11\2003-11-11-007.html --> kcna.co.jp /calendar/2003/11/11-11 2003-11-11-007.html
103.11.11 12:07 B C:\kns-hpkr\calendar\2003\11\11-11\2003-11-11-008.html --> kcna.co.jp /calendar/2003/11/11-11 2003-11-11-008.html
103.11.11 12:07 B C:\kns-hpkr\calendar\2003\11\11-11\2003-11-11-009.html --> kcna.co.jp /calendar/2003/11/11-11 2003-11-11-009.html
103.11.11 12:07 B C:\kns-hpkr\calendar\2003\11\11-11\2003-11-11-010.html --> kcna.co.jp /calendar/2003/11/11-11 2003-11-11-010.html
103.11.11 12:07 B C:\kns-hpkr\calendar\2003\11\11-11\2003-11-11-011.html --> kcna.co.jp /calendar/2003/11/11-11 2003-11-11-011.html
103.11.11 12:07 B C:\kns-hpkr\calendar\2003\11\11-11\2003-11-11-012.html --> kcna.co.jp /calendar/2003/11/11-11 2003-11-11-012.html
103.11.11 12:07 B C:\kns-hpkr\calendar\2003\11\11-11\2003-11-11.htm --> kcna.co.jp /calendar/2003/11/11-11 2003-11-11.htm
103.11.11 12:07 B C:\kns-hpkr\calendar\2003\11\11-11\WS_FTP.LOG --> kcna.co.jp /calendar/2003/11/11-11 WS_FTP.LOG
103.11.12 13:29 B C:\kns-hpkr\calendar\2003\11\11-12\2003-11-12-001.html --> kcna.co.jp /calendar/2003/11/11-12 2003-11-12-001.html
103.11.12 13:29 B C:\kns-hpkr\calendar\2003\11\11-12\2003-11-12-002.html --> kcna.co.jp /calendar/2003/11/11-12 2003-11-12-002.html
103.11.12 13:29 B C:\kns-hpkr\calendar\2003\11\11-12\2003-11-12-003.html --> kcna.co.jp /calendar/2003/11/11-12 2003-11-12-003.html
103.11.12 13:29 B C:\kns-hpkr\calendar\2003\11\11-12\2003-11-12-004.html --> kcna.co.jp /calendar/2003/11/11-12 2003-11-12-004.html
103.11.12 13:29 B C:\kns-hpkr\calendar\2003\11\11-12\2003-11-12-005.html --> kcna.co.jp /calendar/2003/11/11-12 2003-11-12-005.html
103.11.12 13:29 B C:\kns-hpkr\calendar\2003\11\11-12\2003-11-12-006.html --> kcna.co.jp /calendar/2003/11/11-12 2003-11-12-006.html
103.11.12 13:29 B C:\kns-hpkr\calendar\2003\11\11-12\2003-11-12-007.html --> kcna.co.jp /calendar/2003/11/11-12 2003-11-12-007.html
103.11.12 13:29 B C:\kns-hpkr\calendar\2003\11\11-12\2003-11-12-008.html --> kcna.co.jp /calendar/2003/11/11-12 2003-11-12-008.html
103.11.12 13:29 B C:\kns-hpkr\calendar\2003\11\11-12\2003-11-12-009.html --> kcna.co.jp /calendar/2003/11/11-12 2003-11-12-009.html
103.11.12 13:29 B C:\kns-hpkr\calendar\2003\11\11-12\2003-11-12-010.html --> kcna.co.jp /calendar/2003/11/11-12 2003-11-12-010.html
103.11.12 13:29 B C:\kns-hpkr\calendar\2003\11\11-12\2003-11-12-011.html --> kcna.co.jp /calendar/2003/11/11-12 2003-11-12-011.html
103.11.12 13:29 B C:\kns-hpkr\calendar\2003\11\11-12\2003-11-12.htm --> kcna.co.jp /calendar/2003/11/11-12 2003-11-12.htm
103.11.12 13:29 B C:\kns-hpkr\calendar\2003\11\11-12\WS_FTP.LOG --> kcna.co.jp /calendar/2003/11/11-12 WS_FTP.LOG
103.11.13 12:13 B C:\kns-hpkr\calendar\2003\11\11-13\2003-11-13-001.html --> kcna.co.jp /calendar/2003/11/11-13 2003-11-13-001.html
103.11.13 12:13 B C:\kns-hpkr\calendar\2003\11\11-13\2003-11-13-002.html --> kcna.co.jp /calendar/2003/11/11-13 2003-11-13-002.html
103.11.13 12:13 B C:\kns-hpkr\calendar\2003\11\11-13\2003-11-13-003.html --> kcna.co.jp /calendar/2003/11/11-13 2003-11-13-003.html
103.11.13 12:13 B C:\kns-hpkr\calendar\2003\11\11-13\2003-11-13-004.html --> kcna.co.jp /calendar/2003/11/11-13 2003-11-13-004.html
103.11.13 12:13 B C:\kns-hpkr\calendar\2003\11\11-13\2003-11-13-005.html --> kcna.co.jp /calendar/2003/11/11-13 2003-11-13-005.html
103.11.13 12:13 B C:\kns-hpkr\calendar\2003\11\11-13\2003-11-13-006.html --> kcna.co.jp /calendar/2003/11/11-13 2003-11-13-006.html
103.11.13 12:13 B C:\kns-hpkr\calendar\2003\11\11-13\2003-11-13-007.html --> kcna.co.jp /calendar/2003/11/11-13 2003-11-13-007.html
103.11.13 12:13 B C:\kns-hpkr\calendar\2003\11\11-13\2003-11-13-008.html --> kcna.co.jp /calendar/2003/11/11-13 2003-11-13-008.html
103.11.13 12:13 B C:\kns-hpkr\calendar\2003\11\11-13\2003-11-13-009.html --> kcna.co.jp /calendar/2003/11/11-13 2003-11-13-009.html
103.11.13 12:13 B C:\kns-hpkr\calendar\2003\11\11-13\2003-11-13-010.html --> kcna.co.jp /calendar/2003/11/11-13 2003-11-13-010.html
103.11.13 12:13 B C:\kns-hpkr\calendar\2003\11\11-13\2003-11-13-011.html --> kcna.co.jp /calendar/2003/11/11-13 2003-11-13-011.html
103.11.13 12:13 B C:\kns-hpkr\calendar\2003\11\11-13\2003-11-13-012.html --> kcna.co.jp /calendar/2003/11/11-13 2003-11-13-012.html
103.11.13 12:13 B C:\kns-hpkr\calendar\2003\11\11-13\2003-11-13-013.html --> kcna.co.jp /calendar/2003/11/11-13 2003-11-13-013.html
103.11.13 12:13 B C:\kns-hpkr\calendar\2003\11\11-13\2003-11-13-014.html --> kcna.co.jp /calendar/2003/11/11-13 2003-11-13-014.html
103.11.13 12:13 B C:\kns-hpkr\calendar\2003\11\11-13\2003-11-13.htm --> kcna.co.jp /calendar/2003/11/11-13 2003-11-13.htm
103.11.13 12:13 B C:\kns-hpkr\calendar\2003\11\11-13\WS_FTP.LOG --> kcna.co.jp /calendar/2003/11/11-13 WS_FTP.LOG
103.11.14 12:04 B C:\kns-hpkr\calendar\2003\11\11-14\2003-11-14-001.html --> kcna.co.jp /calendar/2003/11/11-14 2003-11-14-001.html
103.11.14 12:04 B C:\kns-hpkr\calendar\2003\11\11-14\2003-11-14-002.html --> kcna.co.jp /calendar/2003/11/11-14 2003-11-14-002.html
103.11.14 12:04 B C:\kns-hpkr\calendar\2003\11\11-14\2003-11-14-003.html --> kcna.co.jp /calendar/2003/11/11-14 2003-11-14-003.html
103.11.14 12:04 B C:\kns-hpkr\calendar\2003\11\11-14\2003-11-14-004.html --> kcna.co.jp /calendar/2003/11/11-14 2003-11-14-004.html
103.11.14 12:04 B C:\kns-hpkr\calendar\2003\11\11-14\2003-11-14-005.html --> kcna.co.jp /calendar/2003/11/11-14 2003-11-14-005.html
103.11.14 12:04 B C:\kns-hpkr\calendar\2003\11\11-14\2003-11-14-006.html --> kcna.co.jp /calendar/2003/11/11-14 2003-11-14-006.html
103.11.14 12:04 B C:\kns-hpkr\calendar\2003\11\11-14\2003-11-14-007.html --> kcna.co.jp /calendar/2003/11/11-14 2003-11-14-007.html
103.11.14 12:04 B C:\kns-hpkr\calendar\2003\11\11-14\2003-11-14-008.html --> kcna.co.jp /calendar/2003/11/11-14 2003-11-14-008.html
103.11.14 12:04 B C:\kns-hpkr\calendar\2003\11\11-14\2003-11-14-009.html --> kcna.co.jp /calendar/2003/11/11-14 2003-11-14-009.html
103.11.14 12:04 B C:\kns-hpkr\calendar\2003\11\11-14\2003-11-14-010.html --> kcna.co.jp /calendar/2003/11/11-14 2003-11-14-010.html
103.11.14 12:04 B C:\kns-hpkr\calendar\2003\11\11-14\2003-11-14-011.html --> kcna.co.jp /calendar/2003/11/11-14 2003-11-14-011.html
103.11.14 12:04 B C:\kns-hpkr\calendar\2003\11\11-14\2003-11-14-012.html --> kcna.co.jp /calendar/2003/11/11-14 2003-11-14-012.html
103.11.14 12:04 B C:\kns-hpkr\calendar\2003\11\11-14\2003-11-14-013.html --> kcna.co.jp /calendar/2003/11/11-14 2003-11-14-013.html
103.11.14 12:04 B C:\kns-hpkr\calendar\2003\11\11-14\2003-11-14.htm --> kcna.co.jp /calendar/2003/11/11-14 2003-11-14.htm
103.11.14 12:04 B C:\kns-hpkr\calendar\2003\11\11-14\WS_FTP.LOG --> kcna.co.jp /calendar/2003/11/11-14 WS_FTP.LOG
103.11.15 11:58 B C:\kns-hpkr\calendar\2003\11\11-15\2003-11-15-001.html --> kcna.co.jp /calendar/2003/11/11-15 2003-11-15-001.html
103.11.15 11:58 B C:\kns-hpkr\calendar\2003\11\11-15\2003-11-15-002.html --> kcna.co.jp /calendar/2003/11/11-15 2003-11-15-002.html
103.11.15 11:58 B C:\kns-hpkr\calendar\2003\11\11-15\2003-11-15-003.html --> kcna.co.jp /calendar/2003/11/11-15 2003-11-15-003.html
103.11.15 11:58 B C:\kns-hpkr\calendar\2003\11\11-15\2003-11-15-004.html --> kcna.co.jp /calendar/2003/11/11-15 2003-11-15-004.html
103.11.15 11:58 B C:\kns-hpkr\calendar\2003\11\11-15\2003-11-15-005.html --> kcna.co.jp /calendar/2003/11/11-15 2003-11-15-005.html
103.11.15 11:58 B C:\kns-hpkr\calendar\2003\11\11-15\2003-11-15-006.html --> kcna.co.jp /calendar/2003/11/11-15 2003-11-15-006.html
103.11.15 11:58 B C:\kns-hpkr\calendar\2003\11\11-15\2003-11-15-007.html --> kcna.co.jp /calendar/2003/11/11-15 2003-11-15-007.html
103.11.15 11:58 B C:\kns-hpkr\calendar\2003\11\11-15\2003-11-15-008.html --> kcna.co.jp /calendar/2003/11/11-15 2003-11-15-008.html
103.11.15 11:58 B C:\kns-hpkr\calendar\2003\11\11-15\2003-11-15-009.html --> kcna.co.jp /calendar/2003/11/11-15 2003-11-15-009.html
103.11.15 11:58 B C:\kns-hpkr\calendar\2003\11\11-15\2003-11-15-010.html --> kcna.co.jp /calendar/2003/11/11-15 2003-11-15-010.html
103.11.15 11:58 B C:\kns-hpkr\calendar\2003\11\11-15\2003-11-15-011.html --> kcna.co.jp /calendar/2003/11/11-15 2003-11-15-011.html
103.11.15 11:58 B C:\kns-hpkr\calendar\2003\11\11-15\2003-11-15-012.html --> kcna.co.jp /calendar/2003/11/11-15 2003-11-15-012.html
103.11.15 11:58 B C:\kns-hpkr\calendar\2003\11\11-15\2003-11-15-013.html --> kcna.co.jp /calendar/2003/11/11-15 2003-11-15-013.html
103.11.15 11:58 B C:\kns-hpkr\calendar\2003\11\11-15\2003-11-15-014.html --> kcna.co.jp /calendar/2003/11/11-15 2003-11-15-014.html
103.11.15 11:58 B C:\kns-hpkr\calendar\2003\11\11-15\2003-11-15-rodong.html --> kcna.co.jp /calendar/2003/11/11-15 2003-11-15-rodong.html
103.11.15 11:58 B C:\kns-hpkr\calendar\2003\11\11-15\2003-11-15.htm --> kcna.co.jp /calendar/2003/11/11-15 2003-11-15.htm
103.11.15 11:58 B C:\kns-hpkr\calendar\2003\11\11-15\WS_FTP.LOG --> kcna.co.jp /calendar/2003/11/11-15 WS_FTP.LOG
103.11.17 13:04 B C:\kns-hpkr\calendar\2003\11\11-17\2003-11-17-001.html --> kcna.co.jp /calendar/2003/11/11-17 2003-11-17-001.html
103.11.17 13:04 B C:\kns-hpkr\calendar\2003\11\11-17\2003-11-17-002.html --> kcna.co.jp /calendar/2003/11/11-17 2003-11-17-002.html
103.11.17 13:04 B C:\kns-hpkr\calendar\2003\11\11-17\2003-11-17-003.html --> kcna.co.jp /calendar/2003/11/11-17 2003-11-17-003.html
103.11.17 13:04 B C:\kns-hpkr\calendar\2003\11\11-17\2003-11-17-004.html --> kcna.co.jp /calendar/2003/11/11-17 2003-11-17-004.html
103.11.17 13:04 B C:\kns-hpkr\calendar\2003\11\11-17\2003-11-17-005.html --> kcna.co.jp /calendar/2003/11/11-17 2003-11-17-005.html
103.11.17 13:04 B C:\kns-hpkr\calendar\2003\11\11-17\2003-11-17-006.html --> kcna.co.jp /calendar/2003/11/11-17 2003-11-17-006.html
103.11.17 13:04 B C:\kns-hpkr\calendar\2003\11\11-17\2003-11-17-007.html --> kcna.co.jp /calendar/2003/11/11-17 2003-11-17-007.html
103.11.17 13:04 B C:\kns-hpkr\calendar\2003\11\11-17\2003-11-17-008.html --> kcna.co.jp /calendar/2003/11/11-17 2003-11-17-008.html
103.11.17 13:04 B C:\kns-hpkr\calendar\2003\11\11-17\2003-11-17-009.html --> kcna.co.jp /calendar/2003/11/11-17 2003-11-17-009.html
103.11.17 13:04 B C:\kns-hpkr\calendar\2003\11\11-17\2003-11-17-010.html --> kcna.co.jp /calendar/2003/11/11-17 2003-11-17-010.html
103.11.17 13:04 B C:\kns-hpkr\calendar\2003\11\11-17\2003-11-17-011.html --> kcna.co.jp /calendar/2003/11/11-17 2003-11-17-011.html
103.11.17 13:04 B C:\kns-hpkr\calendar\2003\11\11-17\2003-11-17-012.html --> kcna.co.jp /calendar/2003/11/11-17 2003-11-17-012.html
103.11.17 13:04 B C:\kns-hpkr\calendar\2003\11\11-17\2003-11-17-013.html --> kcna.co.jp /calendar/2003/11/11-17 2003-11-17-013.html
103.11.17 13:04 B C:\kns-hpkr\calendar\2003\11\11-17\2003-11-17-014.html --> kcna.co.jp /calendar/2003/11/11-17 2003-11-17-014.html
103.11.17 13:04 B C:\kns-hpkr\calendar\2003\11\11-17\2003-11-17-015.html --> kcna.co.jp /calendar/2003/11/11-17 2003-11-17-015.html
103.11.17 13:04 B C:\kns-hpkr\calendar\2003\11\11-17\2003-11-17-016.html --> kcna.co.jp /calendar/2003/11/11-17 2003-11-17-016.html
103.11.17 13:04 B C:\kns-hpkr\calendar\2003\11\11-17\2003-11-17-017.html --> kcna.co.jp /calendar/2003/11/11-17 2003-11-17-017.html
103.11.17 13:04 B C:\kns-hpkr\calendar\2003\11\11-17\2003-11-17-018.html --> kcna.co.jp /calendar/2003/11/11-17 2003-11-17-018.html
103.11.17 13:04 B C:\kns-hpkr\calendar\2003\11\11-17\2003-11-17-019.html --> kcna.co.jp /calendar/2003/11/11-17 2003-11-17-019.html
103.11.17 13:04 B C:\kns-hpkr\calendar\2003\11\11-17\2003-11-17-020.html --> kcna.co.jp /calendar/2003/11/11-17 2003-11-17-020.html
103.11.17 13:04 B C:\kns-hpkr\calendar\2003\11\11-17\2003-11-17-021.html --> kcna.co.jp /calendar/2003/11/11-17 2003-11-17-021.html
103.11.17 13:04 B C:\kns-hpkr\calendar\2003\11\11-17\2003-11-17-022.html --> kcna.co.jp /calendar/2003/11/11-17 2003-11-17-022.html
103.11.17 13:04 B C:\kns-hpkr\calendar\2003\11\11-17\2003-11-17-023.html --> kcna.co.jp /calendar/2003/11/11-17 2003-11-17-023.html
103.11.17 13:04 B C:\kns-hpkr\calendar\2003\11\11-17\2003-11-17.htm --> kcna.co.jp /calendar/2003/11/11-17 2003-11-17.htm
103.11.17 13:04 B C:\kns-hpkr\calendar\2003\11\11-17\WS_FTP.LOG --> kcna.co.jp /calendar/2003/11/11-17 WS_FTP.LOG
103.11.18 11:08 B C:\kns-hpkr\calendar\2003\11\11-18\2003-11-18-001.html --> kcna.co.jp /calendar/2003/11/11-18 2003-11-18-001.html
103.11.18 11:08 B C:\kns-hpkr\calendar\2003\11\11-18\2003-11-18-002.html --> kcna.co.jp /calendar/2003/11/11-18 2003-11-18-002.html
103.11.18 11:08 B C:\kns-hpkr\calendar\2003\11\11-18\2003-11-18-003.html --> kcna.co.jp /calendar/2003/11/11-18 2003-11-18-003.html
103.11.18 11:08 B C:\kns-hpkr\calendar\2003\11\11-18\2003-11-18-004.html --> kcna.co.jp /calendar/2003/11/11-18 2003-11-18-004.html
103.11.18 11:08 B C:\kns-hpkr\calendar\2003\11\11-18\2003-11-18-005.html --> kcna.co.jp /calendar/2003/11/11-18 2003-11-18-005.html
103.11.18 11:08 B C:\kns-hpkr\calendar\2003\11\11-18\2003-11-18-006.html --> kcna.co.jp /calendar/2003/11/11-18 2003-11-18-006.html
103.11.18 11:08 B C:\kns-hpkr\calendar\2003\11\11-18\2003-11-18-007.html --> kcna.co.jp /calendar/2003/11/11-18 2003-11-18-007.html
103.11.18 11:08 B C:\kns-hpkr\calendar\2003\11\11-18\2003-11-18-008.html --> kcna.co.jp /calendar/2003/11/11-18 2003-11-18-008.html
103.11.18 11:08 B C:\kns-hpkr\calendar\2003\11\11-18\2003-11-18-009.html --> kcna.co.jp /calendar/2003/11/11-18 2003-11-18-009.html
103.11.18 11:08 B C:\kns-hpkr\calendar\2003\11\11-18\2003-11-18-010.html --> kcna.co.jp /calendar/2003/11/11-18 2003-11-18-010.html
103.11.18 11:08 B C:\kns-hpkr\calendar\2003\11\11-18\2003-11-18-011.html --> kcna.co.jp /calendar/2003/11/11-18 2003-11-18-011.html
103.11.18 11:08 B C:\kns-hpkr\calendar\2003\11\11-18\2003-11-18-012.html --> kcna.co.jp /calendar/2003/11/11-18 2003-11-18-012.html
103.11.18 11:08 B C:\kns-hpkr\calendar\2003\11\11-18\2003-11-18-013.html --> kcna.co.jp /calendar/2003/11/11-18 2003-11-18-013.html
103.11.18 11:08 B C:\kns-hpkr\calendar\2003\11\11-18\2003-11-18-014.html --> kcna.co.jp /calendar/2003/11/11-18 2003-11-18-014.html
103.11.18 11:08 B C:\kns-hpkr\calendar\2003\11\11-18\2003-11-18-015.html --> kcna.co.jp /calendar/2003/11/11-18 2003-11-18-015.html
103.11.18 11:08 B C:\kns-hpkr\calendar\2003\11\11-18\2003-11-18.htm --> kcna.co.jp /calendar/2003/11/11-18 2003-11-18.htm
103.11.18 11:08 B C:\kns-hpkr\calendar\2003\11\11-18\WS_FTP.LOG --> kcna.co.jp /calendar/2003/11/11-18 WS_FTP.LOG
103.11.19 11:44 B C:\kns-hpkr\calendar\2003\11\11-19\2003-11-19-001.html --> kcna.co.jp /calendar/2003/11/11-19 2003-11-19-001.html
103.11.19 11:44 B C:\kns-hpkr\calendar\2003\11\11-19\2003-11-19-002.html --> kcna.co.jp /calendar/2003/11/11-19 2003-11-19-002.html
103.11.19 11:44 B C:\kns-hpkr\calendar\2003\11\11-19\2003-11-19-003.html --> kcna.co.jp /calendar/2003/11/11-19 2003-11-19-003.html
103.11.19 11:44 B C:\kns-hpkr\calendar\2003\11\11-19\2003-11-19-004.html --> kcna.co.jp /calendar/2003/11/11-19 2003-11-19-004.html
103.11.19 11:44 B C:\kns-hpkr\calendar\2003\11\11-19\2003-11-19-005.html --> kcna.co.jp /calendar/2003/11/11-19 2003-11-19-005.html
103.11.19 11:44 B C:\kns-hpkr\calendar\2003\11\11-19\2003-11-19-006.html --> kcna.co.jp /calendar/2003/11/11-19 2003-11-19-006.html
103.11.19 11:44 B C:\kns-hpkr\calendar\2003\11\11-19\2003-11-19-007.html --> kcna.co.jp /calendar/2003/11/11-19 2003-11-19-007.html
103.11.19 11:44 B C:\kns-hpkr\calendar\2003\11\11-19\2003-11-19-008.html --> kcna.co.jp /calendar/2003/11/11-19 2003-11-19-008.html
103.11.19 11:44 B C:\kns-hpkr\calendar\2003\11\11-19\2003-11-19-009.html --> kcna.co.jp /calendar/2003/11/11-19 2003-11-19-009.html
103.11.19 11:44 B C:\kns-hpkr\calendar\2003\11\11-19\2003-11-19-010.html --> kcna.co.jp /calendar/2003/11/11-19 2003-11-19-010.html
103.11.19 11:44 B C:\kns-hpkr\calendar\2003\11\11-19\2003-11-19-011.html --> kcna.co.jp /calendar/2003/11/11-19 2003-11-19-011.html
103.11.19 11:44 B C:\kns-hpkr\calendar\2003\11\11-19\2003-11-19-012.html --> kcna.co.jp /calendar/2003/11/11-19 2003-11-19-012.html
103.11.19 11:44 B C:\kns-hpkr\calendar\2003\11\11-19\2003-11-19-013.html --> kcna.co.jp /calendar/2003/11/11-19 2003-11-19-013.html
103.11.19 11:44 B C:\kns-hpkr\calendar\2003\11\11-19\2003-11-19-014.html --> kcna.co.jp /calendar/2003/11/11-19 2003-11-19-014.html
103.11.19 11:44 B C:\kns-hpkr\calendar\2003\11\11-19\2003-11-19-015.html --> kcna.co.jp /calendar/2003/11/11-19 2003-11-19-015.html
103.11.19 11:44 B C:\kns-hpkr\calendar\2003\11\11-19\2003-11-19-016.html --> kcna.co.jp /calendar/2003/11/11-19 2003-11-19-016.html
103.11.19 11:44 B C:\kns-hpkr\calendar\2003\11\11-19\2003-11-19-017.html --> kcna.co.jp /calendar/2003/11/11-19 2003-11-19-017.html
103.11.19 11:44 B C:\kns-hpkr\calendar\2003\11\11-19\2003-11-19-018.html --> kcna.co.jp /calendar/2003/11/11-19 2003-11-19-018.html
103.11.19 11:44 B C:\kns-hpkr\calendar\2003\11\11-19\2003-11-19-019.html --> kcna.co.jp /calendar/2003/11/11-19 2003-11-19-019.html
103.11.19 11:44 B C:\kns-hpkr\calendar\2003\11\11-19\2003-11-19.htm --> kcna.co.jp /calendar/2003/11/11-19 2003-11-19.htm
103.11.19 11:44 B C:\kns-hpkr\calendar\2003\11\11-19\WS_FTP.LOG --> kcna.co.jp /calendar/2003/11/11-19 WS_FTP.LOG
103.11.20 12:47 B C:\kns-hpkr\calendar\2003\11\11-20\2003-11-20-001.html --> kcna.co.jp /calendar/2003/11/11-20 2003-11-20-001.html
103.11.20 12:47 B C:\kns-hpkr\calendar\2003\11\11-20\2003-11-20-002.html --> kcna.co.jp /calendar/2003/11/11-20 2003-11-20-002.html
103.11.20 12:47 B C:\kns-hpkr\calendar\2003\11\11-20\2003-11-20-003.html --> kcna.co.jp /calendar/2003/11/11-20 2003-11-20-003.html
103.11.20 12:47 B C:\kns-hpkr\calendar\2003\11\11-20\2003-11-20-004.html --> kcna.co.jp /calendar/2003/11/11-20 2003-11-20-004.html
103.11.20 12:47 B C:\kns-hpkr\calendar\2003\11\11-20\2003-11-20-005.html --> kcna.co.jp /calendar/2003/11/11-20 2003-11-20-005.html
103.11.20 12:47 B C:\kns-hpkr\calendar\2003\11\11-20\2003-11-20-006.html --> kcna.co.jp /calendar/2003/11/11-20 2003-11-20-006.html
103.11.20 12:47 B C:\kns-hpkr\calendar\2003\11\11-20\2003-11-20-007.html --> kcna.co.jp /calendar/2003/11/11-20 2003-11-20-007.html
103.11.20 12:47 B C:\kns-hpkr\calendar\2003\11\11-20\2003-11-20-008.html --> kcna.co.jp /calendar/2003/11/11-20 2003-11-20-008.html
103.11.20 12:47 B C:\kns-hpkr\calendar\2003\11\11-20\2003-11-20-009.html --> kcna.co.jp /calendar/2003/11/11-20 2003-11-20-009.html
103.11.20 12:47 B C:\kns-hpkr\calendar\2003\11\11-20\2003-11-20-010.html --> kcna.co.jp /calendar/2003/11/11-20 2003-11-20-010.html
103.11.20 12:47 B C:\kns-hpkr\calendar\2003\11\11-20\2003-11-20-011.html --> kcna.co.jp /calendar/2003/11/11-20 2003-11-20-011.html
103.11.20 12:47 B C:\kns-hpkr\calendar\2003\11\11-20\2003-11-20-012.html --> kcna.co.jp /calendar/2003/11/11-20 2003-11-20-012.html
103.11.20 12:47 B C:\kns-hpkr\calendar\2003\11\11-20\2003-11-20-013.html --> kcna.co.jp /calendar/2003/11/11-20 2003-11-20-013.html
103.11.20 12:47 B C:\kns-hpkr\calendar\2003\11\11-20\2003-11-20-014.html --> kcna.co.jp /calendar/2003/11/11-20 2003-11-20-014.html
103.11.20 12:47 B C:\kns-hpkr\calendar\2003\11\11-20\2003-11-20-015.html --> kcna.co.jp /calendar/2003/11/11-20 2003-11-20-015.html
103.11.20 12:47 B C:\kns-hpkr\calendar\2003\11\11-20\2003-11-20-016.html --> kcna.co.jp /calendar/2003/11/11-20 2003-11-20-016.html
103.11.20 12:47 B C:\kns-hpkr\calendar\2003\11\11-20\2003-11-20-017.html --> kcna.co.jp /calendar/2003/11/11-20 2003-11-20-017.html
103.11.20 12:47 B C:\kns-hpkr\calendar\2003\11\11-20\2003-11-20-018.html --> kcna.co.jp /calendar/2003/11/11-20 2003-11-20-018.html
103.11.20 12:47 B C:\kns-hpkr\calendar\2003\11\11-20\2003-11-20-019.html --> kcna.co.jp /calendar/2003/11/11-20 2003-11-20-019.html
103.11.20 12:47 B C:\kns-hpkr\calendar\2003\11\11-20\2003-11-20.htm --> kcna.co.jp /calendar/2003/11/11-20 2003-11-20.htm
103.11.20 12:47 B C:\kns-hpkr\calendar\2003\11\11-20\WS_FTP.LOG --> kcna.co.jp /calendar/2003/11/11-20 WS_FTP.LOG
103.11.21 13:10 B C:\kns-hpkr\calendar\2003\11\11-21\2003-11-21-001.html --> kcna.co.jp /calendar/2003/11/11-21 2003-11-21-001.html
103.11.21 13:10 B C:\kns-hpkr\calendar\2003\11\11-21\2003-11-21-002.html --> kcna.co.jp /calendar/2003/11/11-21 2003-11-21-002.html
103.11.21 13:10 B C:\kns-hpkr\calendar\2003\11\11-21\2003-11-21-003.html --> kcna.co.jp /calendar/2003/11/11-21 2003-11-21-003.html
103.11.21 13:10 B C:\kns-hpkr\calendar\2003\11\11-21\2003-11-21-004.html --> kcna.co.jp /calendar/2003/11/11-21 2003-11-21-004.html
103.11.21 13:10 B C:\kns-hpkr\calendar\2003\11\11-21\2003-11-21-005.html --> kcna.co.jp /calendar/2003/11/11-21 2003-11-21-005.html
103.11.21 13:10 B C:\kns-hpkr\calendar\2003\11\11-21\2003-11-21-006.html --> kcna.co.jp /calendar/2003/11/11-21 2003-11-21-006.html
103.11.21 13:10 B C:\kns-hpkr\calendar\2003\11\11-21\2003-11-21-007.html --> kcna.co.jp /calendar/2003/11/11-21 2003-11-21-007.html
103.11.21 13:10 B C:\kns-hpkr\calendar\2003\11\11-21\2003-11-21-008.html --> kcna.co.jp /calendar/2003/11/11-21 2003-11-21-008.html
103.11.21 13:10 B C:\kns-hpkr\calendar\2003\11\11-21\2003-11-21-009.html --> kcna.co.jp /calendar/2003/11/11-21 2003-11-21-009.html
103.11.21 13:10 B C:\kns-hpkr\calendar\2003\11\11-21\2003-11-21-010.html --> kcna.co.jp /calendar/2003/11/11-21 2003-11-21-010.html
103.11.21 13:10 B C:\kns-hpkr\calendar\2003\11\11-21\2003-11-21-011.html --> kcna.co.jp /calendar/2003/11/11-21 2003-11-21-011.html
103.11.21 13:10 B C:\kns-hpkr\calendar\2003\11\11-21\2003-11-21-012.html --> kcna.co.jp /calendar/2003/11/11-21 2003-11-21-012.html
103.11.21 13:10 B C:\kns-hpkr\calendar\2003\11\11-21\2003-11-21-013.html --> kcna.co.jp /calendar/2003/11/11-21 2003-11-21-013.html
103.11.21 13:10 B C:\kns-hpkr\calendar\2003\11\11-21\2003-11-21-014.html --> kcna.co.jp /calendar/2003/11/11-21 2003-11-21-014.html
103.11.21 13:10 B C:\kns-hpkr\calendar\2003\11\11-21\2003-11-21-015.html --> kcna.co.jp /calendar/2003/11/11-21 2003-11-21-015.html
103.11.21 13:10 B C:\kns-hpkr\calendar\2003\11\11-21\2003-11-21-016.html --> kcna.co.jp /calendar/2003/11/11-21 2003-11-21-016.html
103.11.21 13:10 B C:\kns-hpkr\calendar\2003\11\11-21\2003-11-21-017.html --> kcna.co.jp /calendar/2003/11/11-21 2003-11-21-017.html
103.11.21 13:11 B C:\kns-hpkr\calendar\2003\11\11-21\2003-11-21-018.html --> kcna.co.jp /calendar/2003/11/11-21 2003-11-21-018.html
103.11.21 13:11 B C:\kns-hpkr\calendar\2003\11\11-21\2003-11-21-019.html --> kcna.co.jp /calendar/2003/11/11-21 2003-11-21-019.html
103.11.21 13:11 B C:\kns-hpkr\calendar\2003\11\11-21\2003-11-21-020.html --> kcna.co.jp /calendar/2003/11/11-21 2003-11-21-020.html
103.11.21 13:11 B C:\kns-hpkr\calendar\2003\11\11-21\2003-11-21-021.html --> kcna.co.jp /calendar/2003/11/11-21 2003-11-21-021.html
103.11.21 13:11 B C:\kns-hpkr\calendar\2003\11\11-21\2003-11-21.htm --> kcna.co.jp /calendar/2003/11/11-21 2003-11-21.htm
103.11.21 13:11 B C:\kns-hpkr\calendar\2003\11\11-21\WS_FTP.LOG --> kcna.co.jp /calendar/2003/11/11-21 WS_FTP.LOG
103.11.22 11:20 B C:\kns-hpkr\calendar\2003\11\11-22\2003-11-22-001.html --> kcna.co.jp /calendar/2003/11/11-22 2003-11-22-001.html
103.11.22 11:20 B C:\kns-hpkr\calendar\2003\11\11-22\2003-11-22-002.html --> kcna.co.jp /calendar/2003/11/11-22 2003-11-22-002.html
103.11.22 11:20 B C:\kns-hpkr\calendar\2003\11\11-22\2003-11-22-003.html --> kcna.co.jp /calendar/2003/11/11-22 2003-11-22-003.html
103.11.22 11:20 B C:\kns-hpkr\calendar\2003\11\11-22\2003-11-22-004.html --> kcna.co.jp /calendar/2003/11/11-22 2003-11-22-004.html
103.11.22 11:20 B C:\kns-hpkr\calendar\2003\11\11-22\2003-11-22-005.html --> kcna.co.jp /calendar/2003/11/11-22 2003-11-22-005.html
103.11.22 11:20 B C:\kns-hpkr\calendar\2003\11\11-22\2003-11-22-006.html --> kcna.co.jp /calendar/2003/11/11-22 2003-11-22-006.html
103.11.22 11:20 B C:\kns-hpkr\calendar\2003\11\11-22\2003-11-22-007.html --> kcna.co.jp /calendar/2003/11/11-22 2003-11-22-007.html
103.11.22 11:20 B C:\kns-hpkr\calendar\2003\11\11-22\2003-11-22-008.html --> kcna.co.jp /calendar/2003/11/11-22 2003-11-22-008.html
103.11.22 11:20 B C:\kns-hpkr\calendar\2003\11\11-22\2003-11-22-009.html --> kcna.co.jp /calendar/2003/11/11-22 2003-11-22-009.html
103.11.22 11:20 B C:\kns-hpkr\calendar\2003\11\11-22\2003-11-22-010.html --> kcna.co.jp /calendar/2003/11/11-22 2003-11-22-010.html
103.11.22 11:20 B C:\kns-hpkr\calendar\2003\11\11-22\2003-11-22-011.html --> kcna.co.jp /calendar/2003/11/11-22 2003-11-22-011.html
103.11.22 11:20 B C:\kns-hpkr\calendar\2003\11\11-22\2003-11-22-012.html --> kcna.co.jp /calendar/2003/11/11-22 2003-11-22-012.html
103.11.22 11:20 B C:\kns-hpkr\calendar\2003\11\11-22\2003-11-22.htm --> kcna.co.jp /calendar/2003/11/11-22 2003-11-22.htm
103.11.22 11:20 B C:\kns-hpkr\calendar\2003\11\11-22\WS_FTP.LOG --> kcna.co.jp /calendar/2003/11/11-22 WS_FTP.LOG
103.11.22 14:33 B C:\kns-hpkr\calendar\2003\11\11-22\2003-11-22-001.html --> kcna.co.jp /calendar/2003/11/11-22 2003-11-22-001.html
103.11.25 14:07 B C:\kns-hpkr\calendar\2003\11\11-25\2003-11-25-001.html --> kcna.co.jp /calendar/2003/11/11-25 2003-11-25-001.html
103.11.25 14:07 B C:\kns-hpkr\calendar\2003\11\11-25\2003-11-25-002.html --> kcna.co.jp /calendar/2003/11/11-25 2003-11-25-002.html
103.11.25 14:07 B C:\kns-hpkr\calendar\2003\11\11-25\2003-11-25-003.html --> kcna.co.jp /calendar/2003/11/11-25 2003-11-25-003.html
103.11.25 14:07 B C:\kns-hpkr\calendar\2003\11\11-25\2003-11-25-004.html --> kcna.co.jp /calendar/2003/11/11-25 2003-11-25-004.html
103.11.25 14:07 B C:\kns-hpkr\calendar\2003\11\11-25\2003-11-25-005.html --> kcna.co.jp /calendar/2003/11/11-25 2003-11-25-005.html
103.11.25 14:07 B C:\kns-hpkr\calendar\2003\11\11-25\2003-11-25-006.html --> kcna.co.jp /calendar/2003/11/11-25 2003-11-25-006.html
103.11.25 14:07 B C:\kns-hpkr\calendar\2003\11\11-25\2003-11-25-007.html --> kcna.co.jp /calendar/2003/11/11-25 2003-11-25-007.html
103.11.25 14:07 B C:\kns-hpkr\calendar\2003\11\11-25\2003-11-25-008.html --> kcna.co.jp /calendar/2003/11/11-25 2003-11-25-008.html
103.11.25 14:07 B C:\kns-hpkr\calendar\2003\11\11-25\2003-11-25-009.html --> kcna.co.jp /calendar/2003/11/11-25 2003-11-25-009.html
103.11.25 14:07 B C:\kns-hpkr\calendar\2003\11\11-25\2003-11-25-010.html --> kcna.co.jp /calendar/2003/11/11-25 2003-11-25-010.html
103.11.25 14:07 B C:\kns-hpkr\calendar\2003\11\11-25\2003-11-25-011.html --> kcna.co.jp /calendar/2003/11/11-25 2003-11-25-011.html
103.11.25 14:07 B C:\kns-hpkr\calendar\2003\11\11-25\2003-11-25-012.html --> kcna.co.jp /calendar/2003/11/11-25 2003-11-25-012.html
103.11.25 14:07 B C:\kns-hpkr\calendar\2003\11\11-25\2003-11-25-013.html --> kcna.co.jp /calendar/2003/11/11-25 2003-11-25-013.html
103.11.25 14:07 B C:\kns-hpkr\calendar\2003\11\11-25\2003-11-25-014.html --> kcna.co.jp /calendar/2003/11/11-25 2003-11-25-014.html
103.11.25 14:07 B C:\kns-hpkr\calendar\2003\11\11-25\2003-11-25-015.html --> kcna.co.jp /calendar/2003/11/11-25 2003-11-25-015.html
103.11.25 14:07 B C:\kns-hpkr\calendar\2003\11\11-25\2003-11-25-016.html --> kcna.co.jp /calendar/2003/11/11-25 2003-11-25-016.html
103.11.25 14:07 B C:\kns-hpkr\calendar\2003\11\11-25\2003-11-25-017.html --> kcna.co.jp /calendar/2003/11/11-25 2003-11-25-017.html
103.11.25 14:07 B C:\kns-hpkr\calendar\2003\11\11-25\2003-11-25-018.html --> kcna.co.jp /calendar/2003/11/11-25 2003-11-25-018.html
103.11.25 14:07 B C:\kns-hpkr\calendar\2003\11\11-25\2003-11-25-019.html --> kcna.co.jp /calendar/2003/11/11-25 2003-11-25-019.html
103.11.25 14:07 B C:\kns-hpkr\calendar\2003\11\11-25\2003-11-25-020.html --> kcna.co.jp /calendar/2003/11/11-25 2003-11-25-020.html
103.11.25 14:07 B C:\kns-hpkr\calendar\2003\11\11-25\2003-11-25-021.html --> kcna.co.jp /calendar/2003/11/11-25 2003-11-25-021.html
103.11.25 14:07 B C:\kns-hpkr\calendar\2003\11\11-25\2003-11-25-022.html --> kcna.co.jp /calendar/2003/11/11-25 2003-11-25-022.html
103.11.25 14:07 B C:\kns-hpkr\calendar\2003\11\11-25\2003-11-25-023.html --> kcna.co.jp /calendar/2003/11/11-25 2003-11-25-023.html
103.11.25 14:07 B C:\kns-hpkr\calendar\2003\11\11-25\2003-11-25-024.html --> kcna.co.jp /calendar/2003/11/11-25 2003-11-25-024.html
103.11.25 14:07 B C:\kns-hpkr\calendar\2003\11\11-25\2003-11-25-025.html --> kcna.co.jp /calendar/2003/11/11-25 2003-11-25-025.html
103.11.25 14:07 B C:\kns-hpkr\calendar\2003\11\11-25\2003-11-25-026.html --> kcna.co.jp /calendar/2003/11/11-25 2003-11-25-026.html
103.11.25 14:07 B C:\kns-hpkr\calendar\2003\11\11-25\2003-11-25-027.html --> kcna.co.jp /calendar/2003/11/11-25 2003-11-25-027.html
103.11.25 14:07 B C:\kns-hpkr\calendar\2003\11\11-25\2003-11-25-028.html --> kcna.co.jp /calendar/2003/11/11-25 2003-11-25-028.html
103.11.25 14:07 B C:\kns-hpkr\calendar\2003\11\11-25\2003-11-25-029.html --> kcna.co.jp /calendar/2003/11/11-25 2003-11-25-029.html
103.11.25 14:07 B C:\kns-hpkr\calendar\2003\11\11-25\2003-11-25-030.html --> kcna.co.jp /calendar/2003/11/11-25 2003-11-25-030.html
103.11.25 14:07 B C:\kns-hpkr\calendar\2003\11\11-25\2003-11-25-031.html --> kcna.co.jp /calendar/2003/11/11-25 2003-11-25-031.html
103.11.25 14:07 B C:\kns-hpkr\calendar\2003\11\11-25\2003-11-25-032.html --> kcna.co.jp /calendar/2003/11/11-25 2003-11-25-032.html
103.11.25 14:07 B C:\kns-hpkr\calendar\2003\11\11-25\2003-11-25-033.html --> kcna.co.jp /calendar/2003/11/11-25 2003-11-25-033.html
103.11.25 14:07 B C:\kns-hpkr\calendar\2003\11\11-25\2003-11-25-034.html --> kcna.co.jp /calendar/2003/11/11-25 2003-11-25-034.html
103.11.25 14:07 B C:\kns-hpkr\calendar\2003\11\11-25\2003-11-25-035.html --> kcna.co.jp /calendar/2003/11/11-25 2003-11-25-035.html
103.11.25 14:07 B C:\kns-hpkr\calendar\2003\11\11-25\2003-11-25-036.html --> kcna.co.jp /calendar/2003/11/11-25 2003-11-25-036.html
103.11.25 14:07 B C:\kns-hpkr\calendar\2003\11\11-25\2003-11-25.htm --> kcna.co.jp /calendar/2003/11/11-25 2003-11-25.htm
103.11.25 14:07 B C:\kns-hpkr\calendar\2003\11\11-25\WS_FTP.LOG --> kcna.co.jp /calendar/2003/11/11-25 WS_FTP.LOG
103.11.26 12:09 B C:\kns-hpkr\calendar\2003\11\11-26\2003-11-26-001.html --> kcna.co.jp /calendar/2003/11/11-26 2003-11-26-001.html
103.11.26 12:09 B C:\kns-hpkr\calendar\2003\11\11-26\2003-11-26-002.html --> kcna.co.jp /calendar/2003/11/11-26 2003-11-26-002.html
103.11.26 12:09 B C:\kns-hpkr\calendar\2003\11\11-26\2003-11-26-003.html --> kcna.co.jp /calendar/2003/11/11-26 2003-11-26-003.html
103.11.26 12:09 B C:\kns-hpkr\calendar\2003\11\11-26\2003-11-26-004.html --> kcna.co.jp /calendar/2003/11/11-26 2003-11-26-004.html
103.11.26 12:09 B C:\kns-hpkr\calendar\2003\11\11-26\2003-11-26-005.html --> kcna.co.jp /calendar/2003/11/11-26 2003-11-26-005.html
103.11.26 12:09 B C:\kns-hpkr\calendar\2003\11\11-26\2003-11-26-006.html --> kcna.co.jp /calendar/2003/11/11-26 2003-11-26-006.html
103.11.26 12:09 B C:\kns-hpkr\calendar\2003\11\11-26\2003-11-26-007.html --> kcna.co.jp /calendar/2003/11/11-26 2003-11-26-007.html
103.11.26 12:09 B C:\kns-hpkr\calendar\2003\11\11-26\2003-11-26-008.html --> kcna.co.jp /calendar/2003/11/11-26 2003-11-26-008.html
103.11.26 12:09 B C:\kns-hpkr\calendar\2003\11\11-26\2003-11-26-009.html --> kcna.co.jp /calendar/2003/11/11-26 2003-11-26-009.html
103.11.26 12:09 B C:\kns-hpkr\calendar\2003\11\11-26\2003-11-26-010.html --> kcna.co.jp /calendar/2003/11/11-26 2003-11-26-010.html
103.11.26 12:09 B C:\kns-hpkr\calendar\2003\11\11-26\2003-11-26-011.html --> kcna.co.jp /calendar/2003/11/11-26 2003-11-26-011.html
103.11.26 12:09 B C:\kns-hpkr\calendar\2003\11\11-26\2003-11-26-012.html --> kcna.co.jp /calendar/2003/11/11-26 2003-11-26-012.html
103.11.26 12:09 B C:\kns-hpkr\calendar\2003\11\11-26\2003-11-26-013.html --> kcna.co.jp /calendar/2003/11/11-26 2003-11-26-013.html
103.11.26 12:09 B C:\kns-hpkr\calendar\2003\11\11-26\2003-11-26-014.html --> kcna.co.jp /calendar/2003/11/11-26 2003-11-26-014.html
103.11.26 12:09 B C:\kns-hpkr\calendar\2003\11\11-26\2003-11-26.htm --> kcna.co.jp /calendar/2003/11/11-26 2003-11-26.htm
103.11.26 12:09 B C:\kns-hpkr\calendar\2003\11\11-26\WS_FTP.LOG --> kcna.co.jp /calendar/2003/11/11-26 WS_FTP.LOG
103.11.27 13:02 B C:\kns-hpkr\calendar\2003\11\11-27\2003-11-27-001.html --> kcna.co.jp /calendar/2003/11/11-27 2003-11-27-001.html
103.11.27 13:02 B C:\kns-hpkr\calendar\2003\11\11-27\2003-11-27-002.html --> kcna.co.jp /calendar/2003/11/11-27 2003-11-27-002.html
103.11.27 13:02 B C:\kns-hpkr\calendar\2003\11\11-27\2003-11-27-003.html --> kcna.co.jp /calendar/2003/11/11-27 2003-11-27-003.html
103.11.27 13:02 B C:\kns-hpkr\calendar\2003\11\11-27\2003-11-27-004.html --> kcna.co.jp /calendar/2003/11/11-27 2003-11-27-004.html
103.11.27 13:02 B C:\kns-hpkr\calendar\2003\11\11-27\2003-11-27-005.html --> kcna.co.jp /calendar/2003/11/11-27 2003-11-27-005.html
103.11.27 13:02 B C:\kns-hpkr\calendar\2003\11\11-27\2003-11-27-006.html --> kcna.co.jp /calendar/2003/11/11-27 2003-11-27-006.html
103.11.27 13:02 B C:\kns-hpkr\calendar\2003\11\11-27\2003-11-27-007.html --> kcna.co.jp /calendar/2003/11/11-27 2003-11-27-007.html
103.11.27 13:02 B C:\kns-hpkr\calendar\2003\11\11-27\2003-11-27-008.html --> kcna.co.jp /calendar/2003/11/11-27 2003-11-27-008.html
103.11.27 13:02 B C:\kns-hpkr\calendar\2003\11\11-27\2003-11-27-009.html --> kcna.co.jp /calendar/2003/11/11-27 2003-11-27-009.html
103.11.27 13:02 B C:\kns-hpkr\calendar\2003\11\11-27\2003-11-27-010.html --> kcna.co.jp /calendar/2003/11/11-27 2003-11-27-010.html
103.11.27 13:02 B C:\kns-hpkr\calendar\2003\11\11-27\2003-11-27-011.html --> kcna.co.jp /calendar/2003/11/11-27 2003-11-27-011.html
103.11.27 13:02 B C:\kns-hpkr\calendar\2003\11\11-27\2003-11-27.htm --> kcna.co.jp /calendar/2003/11/11-27 2003-11-27.htm
