103.09.05 14:32 B D:\kns-hp\calendar\2003\09\09-05\2003-09-05-001.html --> kcna.co.jp /calendar/2003/09/09-05 2003-09-05-001.html
103.09.05 14:32 B D:\kns-hp\calendar\2003\09\09-05\2003-09-05-002.html --> kcna.co.jp /calendar/2003/09/09-05 2003-09-05-002.html
103.09.05 14:32 B D:\kns-hp\calendar\2003\09\09-05\2003-09-05-003.html --> kcna.co.jp /calendar/2003/09/09-05 2003-09-05-003.html
103.09.05 14:32 B D:\kns-hp\calendar\2003\09\09-05\2003-09-05-004.html --> kcna.co.jp /calendar/2003/09/09-05 2003-09-05-004.html
103.09.05 14:32 B D:\kns-hp\calendar\2003\09\09-05\2003-09-05-005.html --> kcna.co.jp /calendar/2003/09/09-05 2003-09-05-005.html
103.09.05 14:32 B D:\kns-hp\calendar\2003\09\09-05\2003-09-05-006.html --> kcna.co.jp /calendar/2003/09/09-05 2003-09-05-006.html
103.09.05 14:32 B D:\kns-hp\calendar\2003\09\09-05\2003-09-05-007.html --> kcna.co.jp /calendar/2003/09/09-05 2003-09-05-007.html
103.09.05 14:32 B D:\kns-hp\calendar\2003\09\09-05\2003-09-05-008.html --> kcna.co.jp /calendar/2003/09/09-05 2003-09-05-008.html
103.09.05 14:32 B D:\kns-hp\calendar\2003\09\09-05\2003-09-05-009.html --> kcna.co.jp /calendar/2003/09/09-05 2003-09-05-009.html
103.09.05 14:32 B D:\kns-hp\calendar\2003\09\09-05\2003-09-05-010.html --> kcna.co.jp /calendar/2003/09/09-05 2003-09-05-010.html
103.09.05 14:32 B D:\kns-hp\calendar\2003\09\09-05\2003-09-05-011.html --> kcna.co.jp /calendar/2003/09/09-05 2003-09-05-011.html
103.09.05 14:32 B D:\kns-hp\calendar\2003\09\09-05\2003-09-05-012.html --> kcna.co.jp /calendar/2003/09/09-05 2003-09-05-012.html
103.09.05 14:32 B D:\kns-hp\calendar\2003\09\09-05\2003-09-05-013.html --> kcna.co.jp /calendar/2003/09/09-05 2003-09-05-013.html
103.09.05 14:32 B D:\kns-hp\calendar\2003\09\09-05\2003-09-05-014.html --> kcna.co.jp /calendar/2003/09/09-05 2003-09-05-014.html
103.09.05 14:32 B D:\kns-hp\calendar\2003\09\09-05\2003-09-05-015.html --> kcna.co.jp /calendar/2003/09/09-05 2003-09-05-015.html
103.09.05 14:32 B D:\kns-hp\calendar\2003\09\09-05\2003-09-05-016.html --> kcna.co.jp /calendar/2003/09/09-05 2003-09-05-016.html
103.09.05 14:32 B D:\kns-hp\calendar\2003\09\09-05\2003-09-05-017.html --> kcna.co.jp /calendar/2003/09/09-05 2003-09-05-017.html
103.09.05 14:32 B D:\kns-hp\calendar\2003\09\09-05\2003-09-05-018.html --> kcna.co.jp /calendar/2003/09/09-05 2003-09-05-018.html
103.09.05 14:32 B D:\kns-hp\calendar\2003\09\09-05\2003-09-05.htm --> kcna.co.jp /calendar/2003/09/09-05 2003-09-05.htm
103.11.05 11:54 B C:\kns-hpkr\calendar\2003\11\11-05\2003-11-05-001.html --> kcna.co.jp /calendar/2003/11/11-05 2003-11-05-001.html
103.11.05 11:54 B C:\kns-hpkr\calendar\2003\11\11-05\2003-11-05-002.html --> kcna.co.jp /calendar/2003/11/11-05 2003-11-05-002.html
103.11.05 11:54 B C:\kns-hpkr\calendar\2003\11\11-05\2003-11-05-003.html --> kcna.co.jp /calendar/2003/11/11-05 2003-11-05-003.html
103.11.05 11:54 B C:\kns-hpkr\calendar\2003\11\11-05\2003-11-05-004.html --> kcna.co.jp /calendar/2003/11/11-05 2003-11-05-004.html
103.11.05 11:54 B C:\kns-hpkr\calendar\2003\11\11-05\2003-11-05-005.html --> kcna.co.jp /calendar/2003/11/11-05 2003-11-05-005.html
103.11.05 11:54 B C:\kns-hpkr\calendar\2003\11\11-05\2003-11-05-006.html --> kcna.co.jp /calendar/2003/11/11-05 2003-11-05-006.html
103.11.05 11:54 B C:\kns-hpkr\calendar\2003\11\11-05\2003-11-05-007.html --> kcna.co.jp /calendar/2003/11/11-05 2003-11-05-007.html
103.11.05 11:54 B C:\kns-hpkr\calendar\2003\11\11-05\2003-11-05-008.html --> kcna.co.jp /calendar/2003/11/11-05 2003-11-05-008.html
103.11.05 11:54 B C:\kns-hpkr\calendar\2003\11\11-05\2003-11-05-009.html --> kcna.co.jp /calendar/2003/11/11-05 2003-11-05-009.html
103.11.05 11:54 B C:\kns-hpkr\calendar\2003\11\11-05\2003-11-05-010.html --> kcna.co.jp /calendar/2003/11/11-05 2003-11-05-010.html
103.11.05 11:54 B C:\kns-hpkr\calendar\2003\11\11-05\2003-11-05-011.html --> kcna.co.jp /calendar/2003/11/11-05 2003-11-05-011.html
103.11.05 11:54 B C:\kns-hpkr\calendar\2003\11\11-05\2003-11-05-012.html --> kcna.co.jp /calendar/2003/11/11-05 2003-11-05-012.html
103.11.05 11:54 B C:\kns-hpkr\calendar\2003\11\11-05\2003-11-05.htm --> kcna.co.jp /calendar/2003/11/11-05 2003-11-05.htm
103.11.05 11:54 B C:\kns-hpkr\calendar\2003\11\11-05\WS_FTP.LOG --> kcna.co.jp /calendar/2003/11/11-05 WS_FTP.LOG
103.11.05 14:24 B C:\kns-hpkr\calendar\2003\11\11-05\2003-11-05-003.html --> kcna.co.jp /calendar/2003/11/11-05 2003-11-05-003.html
103.11.06 13:10 B C:\kns-hpkr\calendar\2003\11\11-05\2003-11-05-001.html --> kcna.co.jp /calendar/2003/11/11-05 2003-11-05-001.html
103.11.07 13:15 B C:\kns-hpkr\calendar\2003\11\11-07\2003-11-07-001.html --> kcna.co.jp /calendar/2003/11/11-07 2003-11-07-001.html
103.11.07 13:15 B C:\kns-hpkr\calendar\2003\11\11-07\2003-11-07-002.html --> kcna.co.jp /calendar/2003/11/11-07 2003-11-07-002.html
103.11.07 13:15 B C:\kns-hpkr\calendar\2003\11\11-07\2003-11-07-003.html --> kcna.co.jp /calendar/2003/11/11-07 2003-11-07-003.html
103.11.07 13:15 B C:\kns-hpkr\calendar\2003\11\11-07\2003-11-07-004.html --> kcna.co.jp /calendar/2003/11/11-07 2003-11-07-004.html
103.11.07 13:15 B C:\kns-hpkr\calendar\2003\11\11-07\2003-11-07-005.html --> kcna.co.jp /calendar/2003/11/11-07 2003-11-07-005.html
103.11.07 13:16 B C:\kns-hpkr\calendar\2003\11\11-07\2003-11-07-001.html --> kcna.co.jp /calendar/2003/11/11-07 2003-11-07-001.html
103.11.07 13:16 B C:\kns-hpkr\calendar\2003\11\11-07\2003-11-07-002.html --> kcna.co.jp /calendar/2003/11/11-07 2003-11-07-002.html
103.11.07 13:16 B C:\kns-hpkr\calendar\2003\11\11-07\2003-11-07-003.html --> kcna.co.jp /calendar/2003/11/11-07 2003-11-07-003.html
103.11.07 13:16 B C:\kns-hpkr\calendar\2003\11\11-07\2003-11-07-004.html --> kcna.co.jp /calendar/2003/11/11-07 2003-11-07-004.html
103.11.07 13:16 B C:\kns-hpkr\calendar\2003\11\11-07\2003-11-07-005.html --> kcna.co.jp /calendar/2003/11/11-07 2003-11-07-005.html
103.11.07 13:16 B C:\kns-hpkr\calendar\2003\11\11-07\2003-11-07-006.html --> kcna.co.jp /calendar/2003/11/11-07 2003-11-07-006.html
103.11.07 13:16 B C:\kns-hpkr\calendar\2003\11\11-07\2003-11-07-007.html --> kcna.co.jp /calendar/2003/11/11-07 2003-11-07-007.html
103.11.07 13:16 B C:\kns-hpkr\calendar\2003\11\11-07\2003-11-07-008.html --> kcna.co.jp /calendar/2003/11/11-07 2003-11-07-008.html
103.11.07 13:16 B C:\kns-hpkr\calendar\2003\11\11-07\2003-11-07-009.html --> kcna.co.jp /calendar/2003/11/11-07 2003-11-07-009.html
103.11.07 13:16 B C:\kns-hpkr\calendar\2003\11\11-07\2003-11-07-010.html --> kcna.co.jp /calendar/2003/11/11-07 2003-11-07-010.html
103.11.07 13:16 B C:\kns-hpkr\calendar\2003\11\11-07\2003-11-07-011.html --> kcna.co.jp /calendar/2003/11/11-07 2003-11-07-011.html
103.11.07 13:16 B C:\kns-hpkr\calendar\2003\11\11-07\2003-11-07-012.html --> kcna.co.jp /calendar/2003/11/11-07 2003-11-07-012.html
103.11.07 13:16 B C:\kns-hpkr\calendar\2003\11\11-07\2003-11-07-013.html --> kcna.co.jp /calendar/2003/11/11-07 2003-11-07-013.html
103.11.07 13:16 B C:\kns-hpkr\calendar\2003\11\11-07\2003-11-07-014.html --> kcna.co.jp /calendar/2003/11/11-07 2003-11-07-014.html
103.11.07 13:16 B C:\kns-hpkr\calendar\2003\11\11-07\2003-11-07-015.html --> kcna.co.jp /calendar/2003/11/11-07 2003-11-07-015.html
103.11.07 13:16 B C:\kns-hpkr\calendar\2003\11\11-07\2003-11-07.htm --> kcna.co.jp /calendar/2003/11/11-07 2003-11-07.htm
103.11.07 13:16 B C:\kns-hpkr\calendar\2003\11\11-07\WS_FTP.LOG --> kcna.co.jp /calendar/2003/11/11-07 WS_FTP.LOG
103.11.08 12:49 B C:\kns-hpkr\calendar\2003\11\11-08\2003-11-08-001.html --> kcna.co.jp /calendar/2003/11/11-08 2003-11-08-001.html
103.11.08 12:49 B C:\kns-hpkr\calendar\2003\11\11-08\2003-11-08-002.html --> kcna.co.jp /calendar/2003/11/11-08 2003-11-08-002.html
103.11.08 12:49 B C:\kns-hpkr\calendar\2003\11\11-08\2003-11-08-003.html --> kcna.co.jp /calendar/2003/11/11-08 2003-11-08-003.html
103.11.08 12:50 B C:\kns-hpkr\calendar\2003\11\11-08\2003-11-08-004.html --> kcna.co.jp /calendar/2003/11/11-08 2003-11-08-004.html
103.11.08 12:50 B C:\kns-hpkr\calendar\2003\11\11-08\2003-11-08-005.html --> kcna.co.jp /calendar/2003/11/11-08 2003-11-08-005.html
103.11.08 12:50 B C:\kns-hpkr\calendar\2003\11\11-08\2003-11-08-006.html --> kcna.co.jp /calendar/2003/11/11-08 2003-11-08-006.html
103.11.08 12:50 B C:\kns-hpkr\calendar\2003\11\11-08\2003-11-08-007.html --> kcna.co.jp /calendar/2003/11/11-08 2003-11-08-007.html
103.11.08 12:50 B C:\kns-hpkr\calendar\2003\11\11-08\2003-11-08-008.html --> kcna.co.jp /calendar/2003/11/11-08 2003-11-08-008.html
103.11.08 12:50 B C:\kns-hpkr\calendar\2003\11\11-08\2003-11-08-009.html --> kcna.co.jp /calendar/2003/11/11-08 2003-11-08-009.html
103.11.08 12:50 B C:\kns-hpkr\calendar\2003\11\11-08\2003-11-08-010.html --> kcna.co.jp /calendar/2003/11/11-08 2003-11-08-010.html
103.11.08 12:50 B C:\kns-hpkr\calendar\2003\11\11-08\2003-11-08-011.html --> kcna.co.jp /calendar/2003/11/11-08 2003-11-08-011.html
103.11.08 12:50 B C:\kns-hpkr\calendar\2003\11\11-08\2003-11-08-012.html --> kcna.co.jp /calendar/2003/11/11-08 2003-11-08-012.html
103.11.08 12:50 B C:\kns-hpkr\calendar\2003\11\11-08\2003-11-08-013.html --> kcna.co.jp /calendar/2003/11/11-08 2003-11-08-013.html
103.11.08 12:50 B C:\kns-hpkr\calendar\2003\11\11-08\2003-11-08-014.html --> kcna.co.jp /calendar/2003/11/11-08 2003-11-08-014.html
103.11.08 12:50 B C:\kns-hpkr\calendar\2003\11\11-08\2003-11-08-015.html --> kcna.co.jp /calendar/2003/11/11-08 2003-11-08-015.html
103.11.08 12:50 B C:\kns-hpkr\calendar\2003\11\11-08\2003-11-08-016.html --> kcna.co.jp /calendar/2003/11/11-08 2003-11-08-016.html
103.11.08 12:50 B C:\kns-hpkr\calendar\2003\11\11-08\2003-11-08.htm --> kcna.co.jp /calendar/2003/11/11-08 2003-11-08.htm
