103.09.05 14:32 B D:\kns-hp\calendar\2003\09\09-05\2003-09-05-001.html --> kcna.co.jp /calendar/2003/09/09-05 2003-09-05-001.html
103.09.05 14:32 B D:\kns-hp\calendar\2003\09\09-05\2003-09-05-002.html --> kcna.co.jp /calendar/2003/09/09-05 2003-09-05-002.html
103.09.05 14:32 B D:\kns-hp\calendar\2003\09\09-05\2003-09-05-003.html --> kcna.co.jp /calendar/2003/09/09-05 2003-09-05-003.html
103.09.05 14:32 B D:\kns-hp\calendar\2003\09\09-05\2003-09-05-004.html --> kcna.co.jp /calendar/2003/09/09-05 2003-09-05-004.html
103.09.05 14:32 B D:\kns-hp\calendar\2003\09\09-05\2003-09-05-005.html --> kcna.co.jp /calendar/2003/09/09-05 2003-09-05-005.html
103.09.05 14:32 B D:\kns-hp\calendar\2003\09\09-05\2003-09-05-006.html --> kcna.co.jp /calendar/2003/09/09-05 2003-09-05-006.html
103.09.05 14:32 B D:\kns-hp\calendar\2003\09\09-05\2003-09-05-007.html --> kcna.co.jp /calendar/2003/09/09-05 2003-09-05-007.html
103.09.05 14:32 B D:\kns-hp\calendar\2003\09\09-05\2003-09-05-008.html --> kcna.co.jp /calendar/2003/09/09-05 2003-09-05-008.html
103.09.05 14:32 B D:\kns-hp\calendar\2003\09\09-05\2003-09-05-009.html --> kcna.co.jp /calendar/2003/09/09-05 2003-09-05-009.html
103.09.05 14:32 B D:\kns-hp\calendar\2003\09\09-05\2003-09-05-010.html --> kcna.co.jp /calendar/2003/09/09-05 2003-09-05-010.html
103.09.05 14:32 B D:\kns-hp\calendar\2003\09\09-05\2003-09-05-011.html --> kcna.co.jp /calendar/2003/09/09-05 2003-09-05-011.html
103.09.05 14:32 B D:\kns-hp\calendar\2003\09\09-05\2003-09-05-012.html --> kcna.co.jp /calendar/2003/09/09-05 2003-09-05-012.html
103.09.05 14:32 B D:\kns-hp\calendar\2003\09\09-05\2003-09-05-013.html --> kcna.co.jp /calendar/2003/09/09-05 2003-09-05-013.html
103.09.05 14:32 B D:\kns-hp\calendar\2003\09\09-05\2003-09-05-014.html --> kcna.co.jp /calendar/2003/09/09-05 2003-09-05-014.html
103.09.05 14:32 B D:\kns-hp\calendar\2003\09\09-05\2003-09-05-015.html --> kcna.co.jp /calendar/2003/09/09-05 2003-09-05-015.html
103.09.05 14:32 B D:\kns-hp\calendar\2003\09\09-05\2003-09-05-016.html --> kcna.co.jp /calendar/2003/09/09-05 2003-09-05-016.html
103.09.05 14:32 B D:\kns-hp\calendar\2003\09\09-05\2003-09-05-017.html --> kcna.co.jp /calendar/2003/09/09-05 2003-09-05-017.html
103.09.05 14:32 B D:\kns-hp\calendar\2003\09\09-05\2003-09-05-018.html --> kcna.co.jp /calendar/2003/09/09-05 2003-09-05-018.html
103.09.05 14:32 B D:\kns-hp\calendar\2003\09\09-05\2003-09-05.htm --> kcna.co.jp /calendar/2003/09/09-05 2003-09-05.htm
103.11.05 11:54 B C:\kns-hpkr\calendar\2003\11\11-05\2003-11-05-001.html --> kcna.co.jp /calendar/2003/11/11-05 2003-11-05-001.html
103.11.05 11:54 B C:\kns-hpkr\calendar\2003\11\11-05\2003-11-05-002.html --> kcna.co.jp /calendar/2003/11/11-05 2003-11-05-002.html
103.11.05 11:54 B C:\kns-hpkr\calendar\2003\11\11-05\2003-11-05-003.html --> kcna.co.jp /calendar/2003/11/11-05 2003-11-05-003.html
103.11.05 11:54 B C:\kns-hpkr\calendar\2003\11\11-05\2003-11-05-004.html --> kcna.co.jp /calendar/2003/11/11-05 2003-11-05-004.html
103.11.05 11:54 B C:\kns-hpkr\calendar\2003\11\11-05\2003-11-05-005.html --> kcna.co.jp /calendar/2003/11/11-05 2003-11-05-005.html
103.11.05 11:54 B C:\kns-hpkr\calendar\2003\11\11-05\2003-11-05-006.html --> kcna.co.jp /calendar/2003/11/11-05 2003-11-05-006.html
103.11.05 11:54 B C:\kns-hpkr\calendar\2003\11\11-05\2003-11-05-007.html --> kcna.co.jp /calendar/2003/11/11-05 2003-11-05-007.html
103.11.05 11:54 B C:\kns-hpkr\calendar\2003\11\11-05\2003-11-05-008.html --> kcna.co.jp /calendar/2003/11/11-05 2003-11-05-008.html
103.11.05 11:54 B C:\kns-hpkr\calendar\2003\11\11-05\2003-11-05-009.html --> kcna.co.jp /calendar/2003/11/11-05 2003-11-05-009.html
103.11.05 11:54 B C:\kns-hpkr\calendar\2003\11\11-05\2003-11-05-010.html --> kcna.co.jp /calendar/2003/11/11-05 2003-11-05-010.html
103.11.05 11:54 B C:\kns-hpkr\calendar\2003\11\11-05\2003-11-05-011.html --> kcna.co.jp /calendar/2003/11/11-05 2003-11-05-011.html
103.11.05 11:54 B C:\kns-hpkr\calendar\2003\11\11-05\2003-11-05-012.html --> kcna.co.jp /calendar/2003/11/11-05 2003-11-05-012.html
103.11.05 11:54 B C:\kns-hpkr\calendar\2003\11\11-05\2003-11-05.htm --> kcna.co.jp /calendar/2003/11/11-05 2003-11-05.htm
103.11.05 11:54 B C:\kns-hpkr\calendar\2003\11\11-05\WS_FTP.LOG --> kcna.co.jp /calendar/2003/11/11-05 WS_FTP.LOG
103.11.05 14:24 B C:\kns-hpkr\calendar\2003\11\11-05\2003-11-05-003.html --> kcna.co.jp /calendar/2003/11/11-05 2003-11-05-003.html
103.11.06 13:10 B C:\kns-hpkr\calendar\2003\11\11-05\2003-11-05-001.html --> kcna.co.jp /calendar/2003/11/11-05 2003-11-05-001.html
103.11.11 12:07 B C:\kns-hpkr\calendar\2003\11\11-11\2003-11-11-001.html --> kcna.co.jp /calendar/2003/11/11-11 2003-11-11-001.html
103.11.11 12:07 B C:\kns-hpkr\calendar\2003\11\11-11\2003-11-11-002.html --> kcna.co.jp /calendar/2003/11/11-11 2003-11-11-002.html
103.11.11 12:07 B C:\kns-hpkr\calendar\2003\11\11-11\2003-11-11-003.html --> kcna.co.jp /calendar/2003/11/11-11 2003-11-11-003.html
103.11.11 12:07 B C:\kns-hpkr\calendar\2003\11\11-11\2003-11-11-004.html --> kcna.co.jp /calendar/2003/11/11-11 2003-11-11-004.html
103.11.11 12:07 B C:\kns-hpkr\calendar\2003\11\11-11\2003-11-11-005.html --> kcna.co.jp /calendar/2003/11/11-11 2003-11-11-005.html
103.11.11 12:07 B C:\kns-hpkr\calendar\2003\11\11-11\2003-11-11-006.html --> kcna.co.jp /calendar/2003/11/11-11 2003-11-11-006.html
103.11.11 12:07 B C:\kns-hpkr\calendar\2003\11\11-11\2003-11-11-007.html --> kcna.co.jp /calendar/2003/11/11-11 2003-11-11-007.html
103.11.11 12:07 B C:\kns-hpkr\calendar\2003\11\11-11\2003-11-11-008.html --> kcna.co.jp /calendar/2003/11/11-11 2003-11-11-008.html
103.11.11 12:07 B C:\kns-hpkr\calendar\2003\11\11-11\2003-11-11-009.html --> kcna.co.jp /calendar/2003/11/11-11 2003-11-11-009.html
103.11.11 12:07 B C:\kns-hpkr\calendar\2003\11\11-11\2003-11-11-010.html --> kcna.co.jp /calendar/2003/11/11-11 2003-11-11-010.html
103.11.11 12:07 B C:\kns-hpkr\calendar\2003\11\11-11\2003-11-11-011.html --> kcna.co.jp /calendar/2003/11/11-11 2003-11-11-011.html
103.11.11 12:07 B C:\kns-hpkr\calendar\2003\11\11-11\2003-11-11-012.html --> kcna.co.jp /calendar/2003/11/11-11 2003-11-11-012.html
103.11.11 12:07 B C:\kns-hpkr\calendar\2003\11\11-11\2003-11-11.htm --> kcna.co.jp /calendar/2003/11/11-11 2003-11-11.htm
103.11.11 12:07 B C:\kns-hpkr\calendar\2003\11\11-11\WS_FTP.LOG --> kcna.co.jp /calendar/2003/11/11-11 WS_FTP.LOG
103.11.12 13:29 B C:\kns-hpkr\calendar\2003\11\11-12\2003-11-12-001.html --> kcna.co.jp /calendar/2003/11/11-12 2003-11-12-001.html
103.11.12 13:29 B C:\kns-hpkr\calendar\2003\11\11-12\2003-11-12-002.html --> kcna.co.jp /calendar/2003/11/11-12 2003-11-12-002.html
103.11.12 13:29 B C:\kns-hpkr\calendar\2003\11\11-12\2003-11-12-003.html --> kcna.co.jp /calendar/2003/11/11-12 2003-11-12-003.html
103.11.12 13:29 B C:\kns-hpkr\calendar\2003\11\11-12\2003-11-12-004.html --> kcna.co.jp /calendar/2003/11/11-12 2003-11-12-004.html
103.11.12 13:29 B C:\kns-hpkr\calendar\2003\11\11-12\2003-11-12-005.html --> kcna.co.jp /calendar/2003/11/11-12 2003-11-12-005.html
103.11.12 13:29 B C:\kns-hpkr\calendar\2003\11\11-12\2003-11-12-006.html --> kcna.co.jp /calendar/2003/11/11-12 2003-11-12-006.html
103.11.12 13:29 B C:\kns-hpkr\calendar\2003\11\11-12\2003-11-12-007.html --> kcna.co.jp /calendar/2003/11/11-12 2003-11-12-007.html
103.11.12 13:29 B C:\kns-hpkr\calendar\2003\11\11-12\2003-11-12-008.html --> kcna.co.jp /calendar/2003/11/11-12 2003-11-12-008.html
103.11.12 13:29 B C:\kns-hpkr\calendar\2003\11\11-12\2003-11-12-009.html --> kcna.co.jp /calendar/2003/11/11-12 2003-11-12-009.html
103.11.12 13:29 B C:\kns-hpkr\calendar\2003\11\11-12\2003-11-12-010.html --> kcna.co.jp /calendar/2003/11/11-12 2003-11-12-010.html
103.11.12 13:29 B C:\kns-hpkr\calendar\2003\11\11-12\2003-11-12-011.html --> kcna.co.jp /calendar/2003/11/11-12 2003-11-12-011.html
103.11.12 13:29 B C:\kns-hpkr\calendar\2003\11\11-12\2003-11-12.htm --> kcna.co.jp /calendar/2003/11/11-12 2003-11-12.htm
103.11.12 13:29 B C:\kns-hpkr\calendar\2003\11\11-12\WS_FTP.LOG --> kcna.co.jp /calendar/2003/11/11-12 WS_FTP.LOG
103.11.13 12:13 B C:\kns-hpkr\calendar\2003\11\11-13\2003-11-13-001.html --> kcna.co.jp /calendar/2003/11/11-13 2003-11-13-001.html
103.11.13 12:13 B C:\kns-hpkr\calendar\2003\11\11-13\2003-11-13-002.html --> kcna.co.jp /calendar/2003/11/11-13 2003-11-13-002.html
103.11.13 12:13 B C:\kns-hpkr\calendar\2003\11\11-13\2003-11-13-003.html --> kcna.co.jp /calendar/2003/11/11-13 2003-11-13-003.html
103.11.13 12:13 B C:\kns-hpkr\calendar\2003\11\11-13\2003-11-13-004.html --> kcna.co.jp /calendar/2003/11/11-13 2003-11-13-004.html
103.11.13 12:13 B C:\kns-hpkr\calendar\2003\11\11-13\2003-11-13-005.html --> kcna.co.jp /calendar/2003/11/11-13 2003-11-13-005.html
103.11.13 12:13 B C:\kns-hpkr\calendar\2003\11\11-13\2003-11-13-006.html --> kcna.co.jp /calendar/2003/11/11-13 2003-11-13-006.html
103.11.13 12:13 B C:\kns-hpkr\calendar\2003\11\11-13\2003-11-13-007.html --> kcna.co.jp /calendar/2003/11/11-13 2003-11-13-007.html
103.11.13 12:13 B C:\kns-hpkr\calendar\2003\11\11-13\2003-11-13-008.html --> kcna.co.jp /calendar/2003/11/11-13 2003-11-13-008.html
103.11.13 12:13 B C:\kns-hpkr\calendar\2003\11\11-13\2003-11-13-009.html --> kcna.co.jp /calendar/2003/11/11-13 2003-11-13-009.html
103.11.13 12:13 B C:\kns-hpkr\calendar\2003\11\11-13\2003-11-13-010.html --> kcna.co.jp /calendar/2003/11/11-13 2003-11-13-010.html
103.11.13 12:13 B C:\kns-hpkr\calendar\2003\11\11-13\2003-11-13-011.html --> kcna.co.jp /calendar/2003/11/11-13 2003-11-13-011.html
103.11.13 12:13 B C:\kns-hpkr\calendar\2003\11\11-13\2003-11-13-012.html --> kcna.co.jp /calendar/2003/11/11-13 2003-11-13-012.html
103.11.13 12:13 B C:\kns-hpkr\calendar\2003\11\11-13\2003-11-13-013.html --> kcna.co.jp /calendar/2003/11/11-13 2003-11-13-013.html
103.11.13 12:13 B C:\kns-hpkr\calendar\2003\11\11-13\2003-11-13-014.html --> kcna.co.jp /calendar/2003/11/11-13 2003-11-13-014.html
103.11.13 12:13 B C:\kns-hpkr\calendar\2003\11\11-13\2003-11-13.htm --> kcna.co.jp /calendar/2003/11/11-13 2003-11-13.htm
103.11.13 12:13 B C:\kns-hpkr\calendar\2003\11\11-13\WS_FTP.LOG --> kcna.co.jp /calendar/2003/11/11-13 WS_FTP.LOG
103.11.14 12:04 B C:\kns-hpkr\calendar\2003\11\11-14\2003-11-14-001.html --> kcna.co.jp /calendar/2003/11/11-14 2003-11-14-001.html
103.11.14 12:04 B C:\kns-hpkr\calendar\2003\11\11-14\2003-11-14-002.html --> kcna.co.jp /calendar/2003/11/11-14 2003-11-14-002.html
103.11.14 12:04 B C:\kns-hpkr\calendar\2003\11\11-14\2003-11-14-003.html --> kcna.co.jp /calendar/2003/11/11-14 2003-11-14-003.html
103.11.14 12:04 B C:\kns-hpkr\calendar\2003\11\11-14\2003-11-14-004.html --> kcna.co.jp /calendar/2003/11/11-14 2003-11-14-004.html
103.11.14 12:04 B C:\kns-hpkr\calendar\2003\11\11-14\2003-11-14-005.html --> kcna.co.jp /calendar/2003/11/11-14 2003-11-14-005.html
103.11.14 12:04 B C:\kns-hpkr\calendar\2003\11\11-14\2003-11-14-006.html --> kcna.co.jp /calendar/2003/11/11-14 2003-11-14-006.html
103.11.14 12:04 B C:\kns-hpkr\calendar\2003\11\11-14\2003-11-14-007.html --> kcna.co.jp /calendar/2003/11/11-14 2003-11-14-007.html
103.11.14 12:04 B C:\kns-hpkr\calendar\2003\11\11-14\2003-11-14-008.html --> kcna.co.jp /calendar/2003/11/11-14 2003-11-14-008.html
103.11.14 12:04 B C:\kns-hpkr\calendar\2003\11\11-14\2003-11-14-009.html --> kcna.co.jp /calendar/2003/11/11-14 2003-11-14-009.html
103.11.14 12:04 B C:\kns-hpkr\calendar\2003\11\11-14\2003-11-14-010.html --> kcna.co.jp /calendar/2003/11/11-14 2003-11-14-010.html
103.11.14 12:04 B C:\kns-hpkr\calendar\2003\11\11-14\2003-11-14-011.html --> kcna.co.jp /calendar/2003/11/11-14 2003-11-14-011.html
103.11.14 12:04 B C:\kns-hpkr\calendar\2003\11\11-14\2003-11-14-012.html --> kcna.co.jp /calendar/2003/11/11-14 2003-11-14-012.html
103.11.14 12:04 B C:\kns-hpkr\calendar\2003\11\11-14\2003-11-14-013.html --> kcna.co.jp /calendar/2003/11/11-14 2003-11-14-013.html
103.11.14 12:04 B C:\kns-hpkr\calendar\2003\11\11-14\2003-11-14.htm --> kcna.co.jp /calendar/2003/11/11-14 2003-11-14.htm
103.11.14 12:04 B C:\kns-hpkr\calendar\2003\11\11-14\WS_FTP.LOG --> kcna.co.jp /calendar/2003/11/11-14 WS_FTP.LOG
103.11.15 11:58 B C:\kns-hpkr\calendar\2003\11\11-15\2003-11-15-001.html --> kcna.co.jp /calendar/2003/11/11-15 2003-11-15-001.html
103.11.15 11:58 B C:\kns-hpkr\calendar\2003\11\11-15\2003-11-15-002.html --> kcna.co.jp /calendar/2003/11/11-15 2003-11-15-002.html
103.11.15 11:58 B C:\kns-hpkr\calendar\2003\11\11-15\2003-11-15-003.html --> kcna.co.jp /calendar/2003/11/11-15 2003-11-15-003.html
103.11.15 11:58 B C:\kns-hpkr\calendar\2003\11\11-15\2003-11-15-004.html --> kcna.co.jp /calendar/2003/11/11-15 2003-11-15-004.html
103.11.15 11:58 B C:\kns-hpkr\calendar\2003\11\11-15\2003-11-15-005.html --> kcna.co.jp /calendar/2003/11/11-15 2003-11-15-005.html
103.11.15 11:58 B C:\kns-hpkr\calendar\2003\11\11-15\2003-11-15-006.html --> kcna.co.jp /calendar/2003/11/11-15 2003-11-15-006.html
103.11.15 11:58 B C:\kns-hpkr\calendar\2003\11\11-15\2003-11-15-007.html --> kcna.co.jp /calendar/2003/11/11-15 2003-11-15-007.html
103.11.15 11:58 B C:\kns-hpkr\calendar\2003\11\11-15\2003-11-15-008.html --> kcna.co.jp /calendar/2003/11/11-15 2003-11-15-008.html
103.11.15 11:58 B C:\kns-hpkr\calendar\2003\11\11-15\2003-11-15-009.html --> kcna.co.jp /calendar/2003/11/11-15 20